VirtualBox VM 4.2.0 r80737 linux.x86 (Sep 13 2012 07:34:55) release log
00:00:10.557164 Log opened 2012-09-23T17:44:57.755979000Z
00:00:10.557169 OS Product: Linux
00:00:10.557170 OS Release: 3.2.0-31-generic-pae
00:00:10.557171 OS Version: #50-Ubuntu SMP Fri Sep 7 16:39:45 UTC 2012
00:00:10.557193 DMI Product Name: To be filled by O.E.M.
00:00:10.557201 DMI Product Version: To be filled by O.E.M.
00:00:10.557205 Executable: /usr/lib/virtualbox/VirtualBox
00:00:10.557206 Process ID: 18114
00:00:10.557207 Package type: LINUX_32BITS_UBUNTU_12_04
00:00:10.588686 Installed Extension Packs:
00:00:10.588737   None installed!
00:00:10.595433 SUP: Loaded VMMR0.r0 (/usr/lib/virtualbox/VMMR0.r0) at 0xf9670020 - ModuleInit at 00000000f96864f0 and ModuleTerm at 00000000f9686850
00:00:10.595491 SUP: VMMR0EntryEx located at 00000000f9687a10, VMMR0EntryFast at 00000000f9687760 and VMMR0EntryInt at 00000000f9687750
00:00:10.603602 Using XKB for keycode to scan code conversion
00:00:10.615748 File system of '/dev/sr0' (DVD) is unknown
00:00:10.620210 File system of '/home/rishabh/VirtualBox VMs/Rish/Snapshots' (snapshots) is unknown
00:00:10.620238 File system of '/home/rishabh/VirtualBox VMs/Rish/Rish.vdi' is ext4
00:00:10.637056 Shared clipboard mode: Off
00:00:10.637788 Drag'n'drop mode: Off
00:00:10.642031 ************************* CFGM dump *************************
00:00:10.642036 [/] (level 0)
00:00:10.642041   CSAMEnabled     <integer> = 0x0000000000000001 (1)
00:00:10.642049   CpuExecutionCap <integer> = 0x0000000000000064 (100)
00:00:10.642051   EnablePAE       <integer> = 0x0000000000000000 (0)
00:00:10.642053   HwVirtExtForced <integer> = 0x0000000000000000 (0)
00:00:10.642054   MemBalloonSize  <integer> = 0x0000000000000000 (0)
00:00:10.642056   Name            <string>  = "Rish" (cb=5)
00:00:10.642059   NumCPUs         <integer> = 0x0000000000000001 (1)
00:00:10.642061   PATMEnabled     <integer> = 0x0000000000000001 (1)
00:00:10.642062   PageFusion      <integer> = 0x0000000000000000 (0)
00:00:10.642064   RamHoleSize     <integer> = 0x0000000020000000 (536 870 912, 512 MB)
00:00:10.642067   RamSize         <integer> = 0x0000000020000000 (536 870 912, 512 MB)
00:00:10.642071   RawR0Enabled    <integer> = 0x0000000000000001 (1)
00:00:10.642072   RawR3Enabled    <integer> = 0x0000000000000001 (1)
00:00:10.642074   TimerMillies    <integer> = 0x000000000000000a (10)
00:00:10.642076   UUID            <bytes>   = "81 d8 65 43 fd f0 ce 43 bd fd 0a c5 36 08 40 b7" (cb=16)
00:00:10.642082 
00:00:10.642082 [/CPUM/] (level 1)
00:00:10.642085   SyntheticCpu <integer> = 0x0000000000000000 (0)
00:00:10.642086 
00:00:10.642087 [/DBGF/] (level 1)
00:00:10.642088   Path <string>  = "/home/rishabh/VirtualBox VMs/Rish/debug/;/home/rishabh/VirtualBox VMs/Rish/;/home/rishabh/" (cb=91)
00:00:10.642090 
00:00:10.642091 [/Devices/] (level 1)
00:00:10.642093 
00:00:10.642093 [/Devices/8237A/] (level 2)
00:00:10.642095 
00:00:10.642096 [/Devices/8237A/0/] (level 3)
00:00:10.642098   Trusted <integer> = 0x0000000000000001 (1)
00:00:10.642100 
00:00:10.642101 [/Devices/AudioSniffer/] (level 2)
00:00:10.642103 
00:00:10.642103 [/Devices/AudioSniffer/0/] (level 3)
00:00:10.642105 
00:00:10.642106 [/Devices/AudioSniffer/0/Config/] (level 4)
00:00:10.642108 
00:00:10.642109 [/Devices/AudioSniffer/0/LUN#0/] (level 4)
00:00:10.642111   Driver <string>  = "MainAudioSniffer" (cb=17)
00:00:10.642113 
00:00:10.642114 [/Devices/AudioSniffer/0/LUN#0/Config/] (level 5)
00:00:10.642116   Object <integer> = 0x00000000afd02bc0 (2 949 655 488)
00:00:10.642119 
00:00:10.642120 [/Devices/VMMDev/] (level 2)
00:00:10.642121 
00:00:10.642122 [/Devices/VMMDev/0/] (level 3)
00:00:10.642124   PCIBusNo      <integer> = 0x0000000000000000 (0)
00:00:10.642126   PCIDeviceNo   <integer> = 0x0000000000000004 (4)
00:00:10.642128   PCIFunctionNo <integer> = 0x0000000000000000 (0)
00:00:10.642129   Trusted       <integer> = 0x0000000000000001 (1)
00:00:10.642131 
00:00:10.642131 [/Devices/VMMDev/0/Config/] (level 4)
00:00:10.642134   GuestCoreDumpDir <string>  = "/home/rishabh/VirtualBox VMs/Rish/Snapshots" (cb=44)
00:00:10.642135   RamSize          <integer> = 0x0000000020000000 (536 870 912, 512 MB)
00:00:10.642139 
00:00:10.642139 [/Devices/VMMDev/0/LUN#0/] (level 4)
00:00:10.642142   Driver <string>  = "HGCM" (cb=5)
00:00:10.642143 
00:00:10.642144 [/Devices/VMMDev/0/LUN#0/Config/] (level 5)
00:00:10.642147   Object <integer> = 0x00000000acd01558 (2 899 318 104)
00:00:10.642149 
00:00:10.642150 [/Devices/VMMDev/0/LUN#999/] (level 4)
00:00:10.642152   Driver <string>  = "MainStatus" (cb=11)
00:00:10.642153 
00:00:10.642154 [/Devices/VMMDev/0/LUN#999/Config/] (level 5)
00:00:10.642157   First   <integer> = 0x0000000000000000 (0)
00:00:10.642158   Last    <integer> = 0x0000000000000000 (0)
00:00:10.642160   papLeds <integer> = 0x00000000afd00b7c (2 949 647 228)
00:00:10.642163 
00:00:10.642163 [/Devices/acpi/] (level 2)
00:00:10.642165 
00:00:10.642166 [/Devices/acpi/0/] (level 3)
00:00:10.642168   PCIBusNo      <integer> = 0x0000000000000000 (0)
00:00:10.642170   PCIDeviceNo   <integer> = 0x0000000000000007 (7)
00:00:10.642171   PCIFunctionNo <integer> = 0x0000000000000000 (0)
00:00:10.642173   Trusted       <integer> = 0x0000000000000001 (1)
00:00:10.642174 
00:00:10.642175 [/Devices/acpi/0/Config/] (level 4)
00:00:10.642178   CpuHotPlug        <integer> = 0x0000000000000000 (0)
00:00:10.642179   FdcEnabled        <integer> = 0x0000000000000000 (0)
00:00:10.642181   HostBusPciAddress <integer> = 0x0000000000000000 (0)
00:00:10.642183   HpetEnabled       <integer> = 0x0000000000000000 (0)
00:00:10.642184   IOAPIC            <integer> = 0x0000000000000000 (0)
00:00:10.642186   IocPciAddress     <integer> = 0x0000000000010000 (65 536)
00:00:10.642189   NumCPUs           <integer> = 0x0000000000000001 (1)
00:00:10.642191   RamHoleSize       <integer> = 0x0000000020000000 (536 870 912, 512 MB)
00:00:10.642194   RamSize           <integer> = 0x0000000020000000 (536 870 912, 512 MB)
00:00:10.642197   Serial0IoPortBase <integer> = 0x0000000000000000 (0)
00:00:10.642198   Serial0Irq        <integer> = 0x0000000000000000 (0)
00:00:10.642200   Serial1IoPortBase <integer> = 0x0000000000000000 (0)
00:00:10.642201   Serial1Irq        <integer> = 0x0000000000000000 (0)
00:00:10.642203   ShowCpu           <integer> = 0x0000000000000000 (0)
00:00:10.642205   ShowRtc           <integer> = 0x0000000000000000 (0)
00:00:10.642207   SmcEnabled        <integer> = 0x0000000000000000 (0)
00:00:10.642208 
00:00:10.642209 [/Devices/acpi/0/LUN#0/] (level 4)
00:00:10.642211   Driver <string>  = "ACPIHost" (cb=9)
00:00:10.642213 
00:00:10.642213 [/Devices/acpi/0/LUN#0/Config/] (level 5)
00:00:10.642216 
00:00:10.642216 [/Devices/ahci/] (level 2)
00:00:10.642218 
00:00:10.642219 [/Devices/ahci/0/] (level 3)
00:00:10.642221   PCIBusNo      <integer> = 0x0000000000000000 (0)
00:00:10.642223   PCIDeviceNo   <integer> = 0x000000000000000d (13)
00:00:10.642225   PCIFunctionNo <integer> = 0x0000000000000000 (0)
00:00:10.642226   Trusted       <integer> = 0x0000000000000001 (1)
00:00:10.642228 
00:00:10.642228 [/Devices/ahci/0/Config/] (level 4)
00:00:10.642231   Bootable  <integer> = 0x0000000000000001 (1)
00:00:10.642232   PortCount <integer> = 0x0000000000000001 (1)
00:00:10.642234 
00:00:10.642235 [/Devices/ahci/0/Config/Port0/] (level 5)
00:00:10.642237   NonRotationalMedium <integer> = 0x0000000000000000 (0)
00:00:10.642239 
00:00:10.642240 [/Devices/ahci/0/LUN#0/] (level 4)
00:00:10.642242   Driver <string>  = "Block" (cb=6)
00:00:10.642243 
00:00:10.642244 [/Devices/ahci/0/LUN#0/AttachedDriver/] (level 5)
00:00:10.642247   Driver <string>  = "VD" (cb=3)
00:00:10.642248 
00:00:10.642248 [/Devices/ahci/0/LUN#0/AttachedDriver/Config/] (level 6)
00:00:10.642251   BlockCache <integer> = 0x0000000000000001 (1)
00:00:10.642253   Format     <string>  = "VDI" (cb=4)
00:00:10.642254   Path       <string>  = "/home/rishabh/VirtualBox VMs/Rish/Rish.vdi" (cb=43)
00:00:10.642256   Type       <string>  = "HardDisk" (cb=9)
00:00:10.642258   UseNewIo   <integer> = 0x0000000000000001 (1)
00:00:10.642259 
00:00:10.642260 [/Devices/ahci/0/LUN#0/Config/] (level 5)
00:00:10.642262   Mountable <integer> = 0x0000000000000000 (0)
00:00:10.642264   Type      <string>  = "HardDisk" (cb=9)
00:00:10.642265 
00:00:10.642266 [/Devices/ahci/0/LUN#999/] (level 4)
00:00:10.642268   Driver <string>  = "MainStatus" (cb=11)
00:00:10.642269 
00:00:10.642270 [/Devices/ahci/0/LUN#999/Config/] (level 5)
00:00:10.642273   DeviceInstance        <string>  = "ahci/0" (cb=7)
00:00:10.642275   First                 <integer> = 0x0000000000000000 (0)
00:00:10.642277   Last                  <integer> = 0x0000000000000000 (0)
00:00:10.642279   pConsole              <integer> = 0x00000000afd00810 (2 949 646 352)
00:00:10.642282   papLeds               <integer> = 0x00000000afd00a14 (2 949 646 868)
00:00:10.642284   pmapMediumAttachments <integer> = 0x00000000afd00b88 (2 949 647 240)
00:00:10.642287 
00:00:10.642287 [/Devices/apic/] (level 2)
00:00:10.642289 
00:00:10.642290 [/Devices/apic/0/] (level 3)
00:00:10.642292   Trusted <integer> = 0x0000000000000001 (1)
00:00:10.642294 
00:00:10.642294 [/Devices/apic/0/Config/] (level 4)
00:00:10.642297   IOAPIC  <integer> = 0x0000000000000000 (0)
00:00:10.642298   NumCPUs <integer> = 0x0000000000000001 (1)
00:00:10.642300 
00:00:10.642300 [/Devices/e1000/] (level 2)
00:00:10.642302 
00:00:10.642303 [/Devices/e1000/0/] (level 3)
00:00:10.642305   PCIBusNo      <integer> = 0x0000000000000000 (0)
00:00:10.642307   PCIDeviceNo   <integer> = 0x0000000000000003 (3)
00:00:10.642308   PCIFunctionNo <integer> = 0x0000000000000000 (0)
00:00:10.642310   Trusted       <integer> = 0x0000000000000001 (1)
00:00:10.642311 
00:00:10.642312 [/Devices/e1000/0/Config/] (level 4)
00:00:10.642314   AdapterType    <integer> = 0x0000000000000000 (0)
00:00:10.642316   CableConnected <integer> = 0x0000000000000001 (1)
00:00:10.642318   LineSpeed      <integer> = 0x0000000000000000 (0)
00:00:10.642319   MAC            <bytes>   = "08 00 27 64 12 03" (cb=6)
00:00:10.642322 
00:00:10.642323 [/Devices/e1000/0/LUN#0/] (level 4)
00:00:10.642326   Driver <string>  = "NAT" (cb=4)
00:00:10.642327 
00:00:10.642328 [/Devices/e1000/0/LUN#0/Config/] (level 5)
00:00:10.642330   AliasMode       <integer> = 0x0000000000000000 (0)
00:00:10.642332   BootFile        <string>  = "Rish.pxe" (cb=9)
00:00:10.642334   DNSProxy        <integer> = 0x0000000000000000 (0)
00:00:10.642335   Network         <string>  = "10.0.2.0/24" (cb=12)
00:00:10.642337   PassDomain      <integer> = 0x0000000000000001 (1)
00:00:10.642338   TFTPPrefix      <string>  = "/home/rishabh/.VirtualBox/TFTP" (cb=31)
00:00:10.642340   UseHostResolver <integer> = 0x0000000000000000 (0)
00:00:10.642341 
00:00:10.642342 [/Devices/e1000/0/LUN#999/] (level 4)
00:00:10.642344   Driver <string>  = "MainStatus" (cb=11)
00:00:10.642346 
00:00:10.642346 [/Devices/e1000/0/LUN#999/Config/] (level 5)
00:00:10.642349   First   <integer> = 0x0000000000000000 (0)
00:00:10.642350   Last    <integer> = 0x0000000000000000 (0)
00:00:10.642352   papLeds <integer> = 0x00000000afd00aec (2 949 647 084)
00:00:10.642354 
00:00:10.642355 [/Devices/hda/] (level 2)
00:00:10.642357 
00:00:10.642358 [/Devices/hda/0/] (level 3)
00:00:10.642360   PCIBusNo      <integer> = 0x0000000000000000 (0)
00:00:10.642362   PCIDeviceNo   <integer> = 0x0000000000000005 (5)
00:00:10.642363   PCIFunctionNo <integer> = 0x0000000000000000 (0)
00:00:10.642365   Trusted       <integer> = 0x0000000000000001 (1)
00:00:10.642366 
00:00:10.642367 [/Devices/hda/0/Config/] (level 4)
00:00:10.642369 
00:00:10.642370 [/Devices/hda/0/LUN#0/] (level 4)
00:00:10.642372   Driver <string>  = "AUDIO" (cb=6)
00:00:10.642373 
00:00:10.642374 [/Devices/hda/0/LUN#0/Config/] (level 5)
00:00:10.642376   AudioDriver <string>  = "pulse" (cb=6)
00:00:10.642378   StreamName  <string>  = "Rish" (cb=5)
00:00:10.642379 
00:00:10.642379 [/Devices/i8254/] (level 2)
00:00:10.642381 
00:00:10.642382 [/Devices/i8254/0/] (level 3)
00:00:10.642384 
00:00:10.642384 [/Devices/i8254/0/Config/] (level 4)
00:00:10.642387 
00:00:10.642387 [/Devices/i8259/] (level 2)
00:00:10.642389 
00:00:10.642390 [/Devices/i8259/0/] (level 3)
00:00:10.642392   Trusted <integer> = 0x0000000000000001 (1)
00:00:10.642393 
00:00:10.642394 [/Devices/i8259/0/Config/] (level 4)
00:00:10.642396 
00:00:10.642397 [/Devices/mc146818/] (level 2)
00:00:10.642399 
00:00:10.642399 [/Devices/mc146818/0/] (level 3)
00:00:10.642401 
00:00:10.642402 [/Devices/mc146818/0/Config/] (level 4)
00:00:10.642404   UseUTC <integer> = 0x0000000000000000 (0)
00:00:10.642406 
00:00:10.642406 [/Devices/parallel/] (level 2)
00:00:10.642408 
00:00:10.642409 [/Devices/pcarch/] (level 2)
00:00:10.642410 
00:00:10.642411 [/Devices/pcarch/0/] (level 3)
00:00:10.642413   Trusted <integer> = 0x0000000000000001 (1)
00:00:10.642415 
00:00:10.642415 [/Devices/pcarch/0/Config/] (level 4)
00:00:10.642417 
00:00:10.642418 [/Devices/pcbios/] (level 2)
00:00:10.642420 
00:00:10.642420 [/Devices/pcbios/0/] (level 3)
00:00:10.642422   Trusted <integer> = 0x0000000000000001 (1)
00:00:10.642424 
00:00:10.642424 [/Devices/pcbios/0/Config/] (level 4)
00:00:10.642428   BootDevice0        <string>  = "FLOPPY" (cb=7)
00:00:10.642429   BootDevice1        <string>  = "DVD" (cb=4)
00:00:10.642430   BootDevice2        <string>  = "IDE" (cb=4)
00:00:10.642432   BootDevice3        <string>  = "NONE" (cb=5)
00:00:10.642433   FloppyDevice       <string>  = "i82078" (cb=7)
00:00:10.642435   HardDiskDevice     <string>  = "piix3ide" (cb=9)
00:00:10.642436   IOAPIC             <integer> = 0x0000000000000000 (0)
00:00:10.642438   McfgBase           <integer> = 0x0000000000000000 (0)
00:00:10.642440   McfgLength         <integer> = 0x0000000000000000 (0)
00:00:10.642442   NumCPUs            <integer> = 0x0000000000000001 (1)
00:00:10.642444   PXEDebug           <integer> = 0x0000000000000000 (0)
00:00:10.642445   RamHoleSize        <integer> = 0x0000000020000000 (536 870 912, 512 MB)
00:00:10.642449   RamSize            <integer> = 0x0000000020000000 (536 870 912, 512 MB)
00:00:10.642452   SataHardDiskDevice <string>  = "ahci" (cb=5)
00:00:10.642453   UUID               <bytes>   = "81 d8 65 43 fd f0 ce 43 bd fd 0a c5 36 08 40 b7" (cb=16)
00:00:10.642458 
00:00:10.642459 [/Devices/pcbios/0/Config/NetBoot/] (level 5)
00:00:10.642461 
00:00:10.642462 [/Devices/pcbios/0/Config/NetBoot/0/] (level 6)
00:00:10.642465   NIC           <integer> = 0x0000000000000000 (0)
00:00:10.642467   PCIBusNo      <integer> = 0x0000000000000000 (0)
00:00:10.642468   PCIDeviceNo   <integer> = 0x0000000000000003 (3)
00:00:10.642470   PCIFunctionNo <integer> = 0x0000000000000000 (0)
00:00:10.642471 
00:00:10.642472 [/Devices/pci/] (level 2)
00:00:10.642474 
00:00:10.642474 [/Devices/pci/0/] (level 3)
00:00:10.642477   Trusted <integer> = 0x0000000000000001 (1)
00:00:10.642478 
00:00:10.642479 [/Devices/pci/0/Config/] (level 4)
00:00:10.642481   IOAPIC <integer> = 0x0000000000000000 (0)
00:00:10.642483 
00:00:10.642483 [/Devices/pckbd/] (level 2)
00:00:10.642485 
00:00:10.642486 [/Devices/pckbd/0/] (level 3)
00:00:10.642488   Trusted <integer> = 0x0000000000000001 (1)
00:00:10.642489 
00:00:10.642490 [/Devices/pckbd/0/Config/] (level 4)
00:00:10.642492 
00:00:10.642493 [/Devices/pckbd/0/LUN#0/] (level 4)
00:00:10.642495   Driver <string>  = "KeyboardQueue" (cb=14)
00:00:10.642497 
00:00:10.642498 [/Devices/pckbd/0/LUN#0/AttachedDriver/] (level 5)
00:00:10.642500   Driver <string>  = "MainKeyboard" (cb=13)
00:00:10.642502 
00:00:10.642502 [/Devices/pckbd/0/LUN#0/AttachedDriver/Config/] (level 6)
00:00:10.642505   Object <integer> = 0x00000000afd01a58 (2 949 651 032)
00:00:10.642508 
00:00:10.642508 [/Devices/pckbd/0/LUN#0/Config/] (level 5)
00:00:10.642511   QueueSize <integer> = 0x0000000000000040 (64)
00:00:10.642513 
00:00:10.642513 [/Devices/pckbd/0/LUN#1/] (level 4)
00:00:10.642516   Driver <string>  = "MouseQueue" (cb=11)
00:00:10.642517 
00:00:10.642518 [/Devices/pckbd/0/LUN#1/AttachedDriver/] (level 5)
00:00:10.642520   Driver <string>  = "MainMouse" (cb=10)
00:00:10.642522 
00:00:10.642522 [/Devices/pckbd/0/LUN#1/AttachedDriver/Config/] (level 6)
00:00:10.642525   Object <integer> = 0x00000000afd01d68 (2 949 651 816)
00:00:10.642527 
00:00:10.642528 [/Devices/pckbd/0/LUN#1/Config/] (level 5)
00:00:10.642531   QueueSize <integer> = 0x0000000000000080 (128)
00:00:10.642532 
00:00:10.642533 [/Devices/pcnet/] (level 2)
00:00:10.642535 
00:00:10.642535 [/Devices/piix3ide/] (level 2)
00:00:10.642537 
00:00:10.642538 [/Devices/piix3ide/0/] (level 3)
00:00:10.642540   PCIBusNo      <integer> = 0x0000000000000000 (0)
00:00:10.642542   PCIDeviceNo   <integer> = 0x0000000000000001 (1)
00:00:10.642543   PCIFunctionNo <integer> = 0x0000000000000001 (1)
00:00:10.642545   Trusted       <integer> = 0x0000000000000001 (1)
00:00:10.642546 
00:00:10.642547 [/Devices/piix3ide/0/Config/] (level 4)
00:00:10.642549   Type <string>  = "PIIX4" (cb=6)
00:00:10.642550 
00:00:10.642551 [/Devices/piix3ide/0/Config/SecondaryMaster/] (level 5)
00:00:10.642554   NonRotationalMedium <integer> = 0x0000000000000000 (0)
00:00:10.642555 
00:00:10.642556 [/Devices/piix3ide/0/LUN#2/] (level 4)
00:00:10.642558   Driver <string>  = "HostDVD" (cb=8)
00:00:10.642560 
00:00:10.642560 [/Devices/piix3ide/0/LUN#2/Config/] (level 5)
00:00:10.642563   Passthrough <integer> = 0x0000000000000000 (0)
00:00:10.642564   Path        <string>  = "/dev/sr0" (cb=9)
00:00:10.642566 
00:00:10.642567 [/Devices/piix3ide/0/LUN#999/] (level 4)
00:00:10.642569   Driver <string>  = "MainStatus" (cb=11)
00:00:10.642570 
00:00:10.642571 [/Devices/piix3ide/0/LUN#999/Config/] (level 5)
00:00:10.642573   DeviceInstance        <string>  = "piix3ide/0" (cb=11)
00:00:10.642575   First                 <integer> = 0x0000000000000000 (0)
00:00:10.642577   Last                  <integer> = 0x0000000000000003 (3)
00:00:10.642579   pConsole              <integer> = 0x00000000afd00810 (2 949 646 352)
00:00:10.642582   papLeds               <integer> = 0x00000000afd00a04 (2 949 646 852)
00:00:10.642584   pmapMediumAttachments <integer> = 0x00000000afd00b88 (2 949 647 240)
00:00:10.642587 
00:00:10.642588 [/Devices/serial/] (level 2)
00:00:10.642589 
00:00:10.642590 [/Devices/usb-ohci/] (level 2)
00:00:10.642592 
00:00:10.642592 [/Devices/usb-ohci/0/] (level 3)
00:00:10.642595   PCIBusNo      <integer> = 0x0000000000000000 (0)
00:00:10.642596   PCIDeviceNo   <integer> = 0x0000000000000006 (6)
00:00:10.642598   PCIFunctionNo <integer> = 0x0000000000000000 (0)
00:00:10.642599   Trusted       <integer> = 0x0000000000000001 (1)
00:00:10.642601 
00:00:10.642601 [/Devices/usb-ohci/0/Config/] (level 4)
00:00:10.642604 
00:00:10.642604 [/Devices/usb-ohci/0/LUN#0/] (level 4)
00:00:10.642607   Driver <string>  = "VUSBRootHub" (cb=12)
00:00:10.642608 
00:00:10.642609 [/Devices/usb-ohci/0/LUN#0/Config/] (level 5)
00:00:10.642611 
00:00:10.642612 [/Devices/usb-ohci/0/LUN#999/] (level 4)
00:00:10.642614   Driver <string>  = "MainStatus" (cb=11)
00:00:10.642615 
00:00:10.642616 [/Devices/usb-ohci/0/LUN#999/Config/] (level 5)
00:00:10.642619   First   <integer> = 0x0000000000000000 (0)
00:00:10.642620   Last    <integer> = 0x0000000000000000 (0)
00:00:10.642622   papLeds <integer> = 0x00000000afd00b80 (2 949 647 232)
00:00:10.642625 
00:00:10.642625 [/Devices/vga/] (level 2)
00:00:10.642627 
00:00:10.642628 [/Devices/vga/0/] (level 3)
00:00:10.642630   PCIBusNo      <integer> = 0x0000000000000000 (0)
00:00:10.642631   PCIDeviceNo   <integer> = 0x0000000000000002 (2)
00:00:10.642633   PCIFunctionNo <integer> = 0x0000000000000000 (0)
00:00:10.642634   Trusted       <integer> = 0x0000000000000001 (1)
00:00:10.642636 
00:00:10.642637 [/Devices/vga/0/Config/] (level 4)
00:00:10.642640   CustomVideoModes <integer> = 0x0000000000000000 (0)
00:00:10.642641   FadeIn           <integer> = 0x0000000000000001 (1)
00:00:10.642643   FadeOut          <integer> = 0x0000000000000001 (1)
00:00:10.642645   HeightReduction  <integer> = 0x0000000000000000 (0)
00:00:10.642646   LogoFile         <string>  = "" (cb=1)
00:00:10.642648   LogoTime         <integer> = 0x0000000000000000 (0)
00:00:10.642649   MonitorCount     <integer> = 0x0000000000000001 (1)
00:00:10.642651   ShowBootMenu     <integer> = 0x0000000000000002 (2)
00:00:10.642652   VRamSize         <integer> = 0x0000000001200000 (18 874 368, 18 MB)
00:00:10.642656 
00:00:10.642656 [/Devices/vga/0/LUN#0/] (level 4)
00:00:10.642659   Driver <string>  = "MainDisplay" (cb=12)
00:00:10.642660 
00:00:10.642661 [/Devices/vga/0/LUN#0/Config/] (level 5)
00:00:10.642663   Object <integer> = 0x00000000afd02218 (2 949 653 016)
00:00:10.642665 
00:00:10.642666 [/Devices/virtio-net/] (level 2)
00:00:10.642668 
00:00:10.642669 [/HWVirtExt/] (level 1)
00:00:10.642671   64bitEnabled       <integer> = 0x0000000000000000 (0)
00:00:10.642673   EnableLargePages   <integer> = 0x0000000000000000 (0)
00:00:10.642674   EnableNestedPaging <integer> = 0x0000000000000001 (1)
00:00:10.642676   EnableVPID         <integer> = 0x0000000000000001 (1)
00:00:10.642677   Enabled            <integer> = 0x0000000000000001 (1)
00:00:10.642679   Exclusive          <integer> = 0x0000000000000001 (1)
00:00:10.642681 
00:00:10.642682 [/MM/] (level 1)
00:00:10.642683   CanUseLargerHeap <integer> = 0x0000000000000000 (0)
00:00:10.642685 
00:00:10.642686 [/PDM/] (level 1)
00:00:10.642687 
00:00:10.642688 [/PDM/AsyncCompletion/] (level 2)
00:00:10.642690 
00:00:10.642690 [/PDM/AsyncCompletion/File/] (level 3)
00:00:10.642693 
00:00:10.642693 [/PDM/AsyncCompletion/File/BwGroups/] (level 4)
00:00:10.642695 
00:00:10.642696 [/PDM/BlkCache/] (level 2)
00:00:10.642698   CacheSize <integer> = 0x0000000000500000 (5 242 880, 5 MB)
00:00:10.642701 
00:00:10.642702 [/PDM/Devices/] (level 2)
00:00:10.642703 
00:00:10.642704 [/PDM/Drivers/] (level 2)
00:00:10.642706 
00:00:10.642707 [/PDM/Drivers/VBoxC/] (level 3)
00:00:10.642709   Path <string>  = "/usr/lib/virtualbox/components/VBoxC" (cb=37)
00:00:10.642710 
00:00:10.642711 [/PDM/NetworkShaper/] (level 2)
00:00:10.642713 
00:00:10.642713 [/PDM/NetworkShaper/BwGroups/] (level 3)
00:00:10.642715 
00:00:10.642716 [/TM/] (level 1)
00:00:10.642717   UTCOffset <integer> = 0x0000000000000000 (0)
00:00:10.642719 
00:00:10.642720 [/USB/] (level 1)
00:00:10.642721 
00:00:10.642722 [/USB/HidMouse/] (level 2)
00:00:10.642723 
00:00:10.642724 [/USB/HidMouse/0/] (level 3)
00:00:10.642726 
00:00:10.642727 [/USB/HidMouse/0/Config/] (level 4)
00:00:10.642729   Absolute <integer> = 0x0000000000000001 (1)
00:00:10.642730 
00:00:10.642731 [/USB/HidMouse/0/LUN#0/] (level 4)
00:00:10.642733   Driver <string>  = "MouseQueue" (cb=11)
00:00:10.642734 
00:00:10.642735 [/USB/HidMouse/0/LUN#0/AttachedDriver/] (level 5)
00:00:10.642738   Driver <string>  = "MainMouse" (cb=10)
00:00:10.642739 
00:00:10.642740 [/USB/HidMouse/0/LUN#0/AttachedDriver/Config/] (level 6)
00:00:10.642743   Object <integer> = 0x00000000afd01d68 (2 949 651 816)
00:00:10.642745 
00:00:10.642746 [/USB/HidMouse/0/LUN#0/Config/] (level 5)
00:00:10.642749   QueueSize <integer> = 0x0000000000000080 (128)
00:00:10.642750 
00:00:10.642751 [/USB/USBProxy/] (level 2)
00:00:10.642753 
00:00:10.642753 [/USB/USBProxy/GlobalConfig/] (level 3)
00:00:10.642755 
00:00:10.642756 ********************* End of CFGM dump **********************
00:00:10.642828 MM: cbHyperHeap=0x140000 (1310720)
00:00:10.646581 Logical host processors: 4 present, 4 max, 4 online, online mask: 000000000000000f
00:00:10.646588 ************************* CPUID dump ************************
00:00:10.646598          RAW Standard CPUIDs
00:00:10.646599      Function  eax      ebx      ecx      edx
00:00:10.646600 Gst: 00000000  00000005 756e6547 6c65746e 49656e69
00:00:10.646604 Hst:           0000000d 756e6547 6c65746e 49656e69
00:00:10.646607 Gst: 00000001  000206a7 00000800 00000209 078bf1bf
00:00:10.646610 Hst:           000206a7 01100800 1d9ae3bf bfebfbff
00:00:10.646613 Gst: 00000002  76035a01 00f0b2ff 00000000 00ca0000
00:00:10.646616 Hst:           76035a01 00f0b2ff 00000000 00ca0000
00:00:10.646619 Gst: 00000003  00000000 00000000 00000000 00000000
00:00:10.646621 Hst:           00000000 00000000 00000000 00000000
00:00:10.646624 Gst: 00000004  00000000 00000000 00000000 00000000
00:00:10.646626 Hst:           1c004121 01c0003f 0000003f 00000000
00:00:10.646629 Gst: 00000005  00000040 00000040 00000000 00000000
00:00:10.646631 Hst:           00000040 00000040 00000003 00001120
00:00:10.646634 Name:                            GenuineIntel
00:00:10.646635 Supports:                        0-5
00:00:10.646637 Family:                          6  	Extended: 0 	Effective: 6
00:00:10.646639 Model:                           10  	Extended: 2 	Effective: 42
00:00:10.646641 Stepping:                        7
00:00:10.646642 Type:                            0 (primary)
00:00:10.646644 APIC ID:                         0x00
00:00:10.646645 Logical CPUs:                    0
00:00:10.646646 CLFLUSH Size:                    8
00:00:10.646647 Brand ID:                        0x00
00:00:10.646650 Mnemonic - Description                 = guest (host)
00:00:10.646651 FPU - x87 FPU on Chip                  = 1 (1)
00:00:10.646653 VME - Virtual 8086 Mode Enhancements   = 1 (1)
00:00:10.646655 DE - Debugging extensions              = 1 (1)
00:00:10.646657 PSE - Page Size Extension              = 1 (1)
00:00:10.646658 TSC - Time Stamp Counter               = 1 (1)
00:00:10.646660 MSR - Model Specific Registers         = 1 (1)
00:00:10.646661 PAE - Physical Address Extension       = 0 (1)
00:00:10.646663 MCE - Machine Check Exception          = 1 (1)
00:00:10.646665 CX8 - CMPXCHG8B instruction            = 1 (1)
00:00:10.646666 APIC - APIC On-Chip                    = 0 (1)
00:00:10.646668 10 - Reserved                          = 0 (0)
00:00:10.646669 SEP - SYSENTER and SYSEXIT             = 0 (1)
00:00:10.646671 MTRR - Memory Type Range Registers     = 1 (1)
00:00:10.646673 PGE - PTE Global Bit                   = 1 (1)
00:00:10.646674 MCA - Machine Check Architecture       = 1 (1)
00:00:10.646676 CMOV - Conditional Move Instructions   = 1 (1)
00:00:10.646677 PAT - Page Attribute Table             = 1 (1)
00:00:10.646679 PSE-36 - 36-bit Page Size Extention    = 1 (1)
00:00:10.646680 PSN - Processor Serial Number          = 0 (0)
00:00:10.646682 CLFSH - CLFLUSH Instruction.           = 1 (1)
00:00:10.646684 20 - Reserved                          = 0 (0)
00:00:10.646685 DS - Debug Store                       = 0 (1)
00:00:10.646686 ACPI - Thermal Mon. & Soft. Clock Ctrl.= 0 (1)
00:00:10.646688 MMX - Intel MMX Technology             = 1 (1)
00:00:10.646690 FXSR - FXSAVE and FXRSTOR Instructions = 1 (1)
00:00:10.646691 SSE - SSE Support                      = 1 (1)
00:00:10.646693 SSE2 - SSE2 Support                    = 1 (1)
00:00:10.646694 SS - Self Snoop                        = 0 (1)
00:00:10.646696 HTT - Hyper-Threading Technology       = 0 (1)
00:00:10.646697 TM - Thermal Monitor                   = 0 (1)
00:00:10.646699 30 - Reserved                          = 0 (0)
00:00:10.646700 PBE - Pending Break Enable             = 0 (1)
00:00:10.646701 Supports SSE3                          = 1 (1)
00:00:10.646703 PCLMULQDQ                              = 0 (1)
00:00:10.646704 DS Area 64-bit layout                  = 0 (1)
00:00:10.646706 Supports MONITOR/MWAIT                 = 1 (1)
00:00:10.646707 CPL-DS - CPL Qualified Debug Store     = 0 (1)
00:00:10.646709 VMX - Virtual Machine Technology       = 0 (1)
00:00:10.646710 SMX - Safer Mode Extensions            = 0 (0)
00:00:10.646712 Enhanced SpeedStep Technology          = 0 (1)
00:00:10.646713 Terminal Monitor 2                     = 0 (1)
00:00:10.646715 Supplemental SSE3 instructions         = 1 (1)
00:00:10.646716 L1 Context ID                          = 0 (0)
00:00:10.646717 11 - Reserved                          = 0 (0)
00:00:10.646719 FMA extensions using YMM state         = 0 (0)
00:00:10.646720 CMPXCHG16B instruction                 = 0 (1)
00:00:10.646722 xTPR Update Control                    = 0 (1)
00:00:10.646723 Perf/Debug Capability MSR              = 0 (1)
00:00:10.646725 16 - Reserved                          = 0 (0)
00:00:10.646726 PCID - Process-context identifiers     = 0 (1)
00:00:10.646727 DCA - Direct Cache Access              = 0 (0)
00:00:10.646732 SSE4.1 instruction extensions          = 0 (1)
00:00:10.646734 SSE4.2 instruction extensions          = 0 (1)
00:00:10.646745 Supports the x2APIC extensions         = 0 (0)
00:00:10.646746 MOVBE instruction                      = 0 (0)
00:00:10.646747 POPCNT instruction                     = 0 (1)
00:00:10.646748 TSC-Deadline LAPIC timer mode          = 0 (1)
00:00:10.646749 AESNI instruction extensions           = 0 (0)
00:00:10.646749 XSAVE/XRSTOR extended state feature    = 0 (1)
00:00:10.646750 Supports OSXSAVE                       = 0 (1)
00:00:10.646751 AVX instruction extensions             = 0 (1)
00:00:10.646752 29/30 - Reserved                       = 0x0 (0x0)
00:00:10.646753 Hypervisor Present (we're a guest)     = 0 (0)
00:00:10.646754 
00:00:10.646754          RAW Extended CPUIDs
00:00:10.646755      Function  eax      ebx      ecx      edx
00:00:10.646755 Gst: 80000000  80000008 00000000 00000000 00000000
00:00:10.646757 Hst:           80000008 00000000 00000000 00000000
00:00:10.646758 Gst: 80000001  00000000 00000000 00000000 08000000
00:00:10.646760 Hst:           00000000 00000000 00000001 28100000
00:00:10.646762 Gst: 80000002  20202020 20202020 65746e49 2952286c
00:00:10.646763 Hst:           20202020 20202020 65746e49 2952286c
00:00:10.646765 Gst: 80000003  726f4320 4d542865 33692029 3231322d
00:00:10.646790 Hst:           726f4320 4d542865 33692029 3231322d
00:00:10.646793 Gst: 80000004  50432030 20402055 30332e33 007a4847
00:00:10.646796 Hst:           50432030 20402055 30332e33 007a4847
00:00:10.646798 Gst: 80000005  00000000 00000000 00000000 00000000
00:00:10.646801 Hst:           00000000 00000000 00000000 00000000
00:00:10.646803 Gst: 80000006  00000000 00000000 01006040 00000000
00:00:10.646805 Hst:           00000000 00000000 01006040 00000000
00:00:10.646807 Gst: 80000007  00000000 00000000 00000000 00000000
00:00:10.646810 Hst:           00000000 00000000 00000000 00000100
00:00:10.646812 Gst: 80000008  00003024 00000000 00000000 00000000
00:00:10.646814 Hst:           00003024 00000000 00000000 00000000
00:00:10.646817 Gst: 80000009  00000007 00000340 00000340 00000000*
00:00:10.646819 Hst:           00000007 00000340 00000340 00000000
00:00:10.646821 Ext Name:                        
00:00:10.646823 Ext Supports:                    0x80000000-0x80000008
00:00:10.646825 Family:                          0  	Extended: 0 	Effective: 0
00:00:10.646826 Model:                           0  	Extended: 0 	Effective: 0
00:00:10.646828 Stepping:                        0
00:00:10.646829 Brand ID:                        0x000
00:00:10.646831 Mnemonic - Description                 = guest (host)
00:00:10.646832 FPU - x87 FPU on Chip                  = 0 (0)
00:00:10.646833 VME - Virtual 8086 Mode Enhancements   = 0 (0)
00:00:10.646835 DE - Debugging extensions              = 0 (0)
00:00:10.646836 PSE - Page Size Extension              = 0 (0)
00:00:10.646837 TSC - Time Stamp Counter               = 0 (0)
00:00:10.646839 MSR - K86 Model Specific Registers     = 0 (0)
00:00:10.646840 PAE - Physical Address Extension       = 0 (0)
00:00:10.646842 MCE - Machine Check Exception          = 0 (0)
00:00:10.646843 CX8 - CMPXCHG8B instruction            = 0 (0)
00:00:10.646845 APIC - APIC On-Chip                    = 0 (0)
00:00:10.646846 10 - Reserved                          = 0 (0)
00:00:10.646847 SEP - SYSCALL and SYSRET               = 0 (0)
00:00:10.646849 MTRR - Memory Type Range Registers     = 0 (0)
00:00:10.646850 PGE - PTE Global Bit                   = 0 (0)
00:00:10.646852 MCA - Machine Check Architecture       = 0 (0)
00:00:10.646853 CMOV - Conditional Move Instructions   = 0 (0)
00:00:10.646855 PAT - Page Attribute Table             = 0 (0)
00:00:10.646856 PSE-36 - 36-bit Page Size Extention    = 0 (0)
00:00:10.646858 18 - Reserved                          = 0 (0)
00:00:10.646859 19 - Reserved                          = 0 (0)
00:00:10.646860 NX - No-Execute Page Protection        = 0 (1)
00:00:10.646862 DS - Debug Store                       = 0 (0)
00:00:10.646863 AXMMX - AMD Extensions to MMX Instr.   = 0 (0)
00:00:10.646865 MMX - Intel MMX Technology             = 0 (0)
00:00:10.646866 FXSR - FXSAVE and FXRSTOR Instructions = 0 (0)
00:00:10.646867 25 - AMD fast FXSAVE and FXRSTOR Instr.= 0 (0)
00:00:10.646869 26 - 1 GB large page support           = 0 (0)
00:00:10.646870 27 - RDTSCP instruction                = 1 (1)
00:00:10.646872 28 - Reserved                          = 0 (0)
00:00:10.646873 29 - AMD Long Mode                     = 0 (1)
00:00:10.646875 30 - AMD Extensions to 3DNow!          = 0 (0)
00:00:10.646877 31 - AMD 3DNow!                        = 0 (0)
00:00:10.646878 LahfSahf - LAHF/SAHF in 64-bit mode    = 0 (1)
00:00:10.646880 CmpLegacy - Core MP legacy mode (depr) = 0 (0)
00:00:10.646881 SVM - AMD VM Extensions                = 0 (0)
00:00:10.646883 APIC registers starting at 0x400       = 0 (0)
00:00:10.646884 AltMovCR8 - LOCK MOV CR0 means MOV CR8 = 0 (0)
00:00:10.646885 5  - Advanced bit manipulation         = 0 (0)
00:00:10.646887 6  - SSE4A instruction support         = 0 (0)
00:00:10.646889 7  - Misaligned SSE mode               = 0 (0)
00:00:10.646890 8  - PREFETCH and PREFETCHW instruction= 0 (0)
00:00:10.646892 9  - OS visible workaround             = 0 (0)
00:00:10.646893 10 - Instruction based sampling        = 0 (0)
00:00:10.646895 11 - SSE5 support                      = 0 (0)
00:00:10.646896 12 - SKINIT, STGI, and DEV support     = 0 (0)
00:00:10.646898 13 - Watchdog timer support.           = 0 (0)
00:00:10.646899 31:14 - Reserved                       = 0x0 (0x0)
00:00:10.646901 Full Name:                               Intel(R) Core(TM) i3-2120 CPU @ 3.30GHz
00:00:10.646903 TLB 2/4M Instr/Uni:              res0     0 entries
00:00:10.646905 TLB 2/4M Data:                   res0     0 entries
00:00:10.646906 TLB 4K Instr/Uni:                res0     0 entries
00:00:10.646908 TLB 4K Data:                     res0     0 entries
00:00:10.646909 L1 Instr Cache Line Size:        0 bytes
00:00:10.646911 L1 Instr Cache Lines Per Tag:    0
00:00:10.646912 L1 Instr Cache Associativity:    res0  
00:00:10.646913 L1 Instr Cache Size:             0 KB
00:00:10.646915 L1 Data Cache Line Size:         0 bytes
00:00:10.646916 L1 Data Cache Lines Per Tag:     0
00:00:10.646917 L1 Data Cache Associativity:     res0  
00:00:10.646918 L1 Data Cache Size:              0 KB
00:00:10.646920 L2 TLB 2/4M Instr/Uni:           off       0 entries
00:00:10.646921 L2 TLB 2/4M Data:                off       0 entries
00:00:10.646923 L2 TLB 4K Instr/Uni:             off       0 entries
00:00:10.646924 L2 TLB 4K Data:                  off       0 entries
00:00:10.646926 L2 Cache Line Size:              0 bytes
00:00:10.646927 L2 Cache Lines Per Tag:          0
00:00:10.646928 L2 Cache Associativity:          off   
00:00:10.646929 L2 Cache Size:                   0 KB
00:00:10.646930 APM Features:                   
00:00:10.646931 Physical Address Width:          36 bits
00:00:10.646933 Virtual Address Width:           48 bits
00:00:10.646934 Guest Physical Address Width:    0 bits
00:00:10.646935 Physical Core Count:             0
00:00:10.646936 
00:00:10.646937          RAW Centaur CPUIDs
00:00:10.646938      Function  eax      ebx      ecx      edx
00:00:10.646939 Gst: c0000000  00000007 00000340 00000340 00000000
00:00:10.646942 Hst:           00000007 00000340 00000340 00000000
00:00:10.646944 Gst: c0000001  00000007 00000340 00000340 00000000
00:00:10.646947 Hst:           00000007 00000340 00000340 00000000
00:00:10.646949 Gst: c0000002  00000007 00000340 00000340 00000000
00:00:10.646951 Hst:           00000007 00000340 00000340 00000000
00:00:10.646954 Gst: c0000003  00000007 00000340 00000340 00000000
00:00:10.646956 Hst:           00000007 00000340 00000340 00000000
00:00:10.646958 Centaur Supports:                0xc0000000-0x00000007
00:00:10.646960 Mnemonic - Description                 = guest (host)
00:00:10.646961 AIS - Alternate Instruction Set        = 0 (0)
00:00:10.646962 AIS-E - AIS enabled                    = 0 (0)
00:00:10.646964 RNG - Random Number Generator          = 0 (0)
00:00:10.646965 RNG-E - RNG enabled                    = 0 (0)
00:00:10.646967 LH - LongHaul MSR 0000_110Ah           = 0 (0)
00:00:10.646968 FEMMS - FEMMS                          = 0 (0)
00:00:10.646970 ACE - Advanced Cryptography Engine     = 0 (0)
00:00:10.646975 ACE-E - ACE enabled                    = 0 (0)
00:00:10.646977 ACE2 - Advanced Cryptography Engine 2  = 0 (0)
00:00:10.646978 ACE2-E - ACE enabled                   = 0 (0)
00:00:10.646980 PHE - Padlock Hash Engine              = 0 (0)
00:00:10.646981 PHE-E - PHE enabled                    = 0 (0)
00:00:10.646983 PMM - Montgomery Multiplier            = 0 (0)
00:00:10.646985 PMM-E - PMM enabled                    = 0 (0)
00:00:10.646986 14 - Reserved                          = 0 (0)
00:00:10.646987 15 - Reserved                          = 0 (0)
00:00:10.646989 Parallax                               = 0 (0)
00:00:10.646990 Parallax enabled                       = 0 (0)
00:00:10.646992 Overstress                             = 0 (0)
00:00:10.646993 Overstress enabled                     = 0 (0)
00:00:10.646995 TM3 - Temperature Monitoring 3         = 0 (0)
00:00:10.646997 TM3-E - TM3 enabled                    = 0 (0)
00:00:10.646998 RNG2 - Random Number Generator 2       = 0 (0)
00:00:10.647000 RNG2-E - RNG2 enabled                  = 0 (0)
00:00:10.647001 24 - Reserved                          = 0 (0)
00:00:10.647003 PHE2 - Padlock Hash Engine 2           = 0 (0)
00:00:10.647004 PHE2-E - PHE2 enabled                  = 0 (0)
00:00:10.647006 Bit 27                                 = 1 (0)
00:00:10.647008 
00:00:10.647010 
00:00:10.647012 ******************** End of CPUID dump **********************
00:00:10.647482 Host paging mode: PAE+PGE
00:00:10.647502 PGMPool: cMaxPages=288 (u64MaxPages=288)
00:00:10.647511 pgmR3PoolInit: cMaxPages=0x120 cMaxUsers=0x240 cMaxPhysExts=0x240 fCacheEnable=true 
00:00:10.648512 REM: VBoxREM32
00:00:10.653253 TM: GIP - u32Mode=1 (SyncTSC) u32UpdateHz=83
00:00:10.685281 TM: cTSCTicksPerSecond=0xc354a728 (3 277 104 936) fTSCVirtualized=true  fTSCUseRealTSC=false
00:00:10.685290 TM: fMaybeUseOffsettedHostTSC=true  TSCTiedToExecution=false TSCNotTiedToHalt=false
00:00:10.685703 CoreCode: R3=ab1f3000 R0=f9476000 RC=a0389000 Phys=000000002ec58000 cb=0x3000
00:00:10.688052 AIOMgr: Default manager type is "Async"
00:00:10.688070 AIOMgr: Default file backend is "NonBuffered"
00:00:10.688235 BlkCache: Cache successfully initialised. Cache size is 5242880 bytes
00:00:10.688252 BlkCache: Cache commit interval is 10000 ms
00:00:10.688258 BlkCache: Cache commit threshold is 2621440 bytes
00:00:10.691515 [SMP] BIOS with 1 CPUs
00:00:10.699712 SUP: Loaded VBoxDDR0.r0 (/usr/lib/virtualbox/VBoxDDR0.r0) at 0xf9761020 - ModuleInit at 0000000000000000 and ModuleTerm at 0000000000000000
00:00:10.701153 SUP: Loaded VBoxDD2R0.r0 (/usr/lib/virtualbox/VBoxDD2R0.r0) at 0xf947a020 - ModuleInit at 0000000000000000 and ModuleTerm at 0000000000000000
00:00:10.701169 Activating Local APIC
00:00:10.701172 CPUMSetGuestCpuIdFeature: Enabled APIC
00:00:10.701175 CPUMClearGuestCpuIdFeature: Disabled x2APIC
00:00:10.701279 PIT: mode=3 count=0x10000 (65536) - 18.20 Hz (ch=0)
00:00:10.703056 Shared Folders service loaded.
00:00:10.706939 Chipset cannot do MSI: VERR_NOT_IMPLEMENTED
00:00:10.707080 DrvBlock: Flushes will be ignored
00:00:10.707083 DrvBlock: Async flushes will be passed to the disk
00:00:10.707205 VDInit finished
00:00:10.707377 AIOMgr: Endpoint for file '/home/rishabh/VirtualBox VMs/Rish/Rish.vdi' (flags 000c0723) created successfully
00:00:10.727389 AHCI: LUN#0: disk, PCHS=16383/16/63, total number of sectors 52428800
00:00:10.727412 AHCI: LUN#0: using async I/O
00:00:10.727435 AHCI#0: Reset the HBA
00:00:10.727646 PIIX3 ATA: LUN#0: no unit
00:00:10.727654 PIIX3 ATA: LUN#1: no unit
00:00:10.742525 PIIX3 ATA: LUN#2: CD/DVD, total number of sectors 0, passthrough disabled
00:00:10.742549 PIIX3 ATA: LUN#3: no unit
00:00:10.742614 PIIX3 ATA: Ctl#0: finished processing RESET
00:00:10.742649 PIIX3 ATA: Ctl#1: finished processing RESET
00:00:10.751801 NAT: DNS#0: 10.0.2.2
00:00:10.752151 Chipset cannot do MSI: VERR_NOT_IMPLEMENTED
00:00:10.752172 Audio: Trying driver 'pulse'.
00:00:10.754796 Pulse: open PCM_IN rate=44100Hz channels=2 format=s16le
00:00:10.754834 Pulse: Requested record buffer attributes: maxlength=26460 fragsize=17640
00:00:10.756262 Pulse:  Obtained record buffer attributes: maxlength=26460 fragsize=8820
00:00:10.756639 HDAcodec: can't open in fmt(freq: 44100)
00:00:10.756657 Pulse: open PCM_OUT rate=44100Hz channels=2 format=s16le
00:00:10.756675 Pulse: Requested playback buffer attributes: maxlength=26460 tlength=17640 prebuf=-1 minreq=-1
00:00:10.757581 Pulse:  Obtained playback buffer attributes: maxlength=26460 tlength=12348 prebuf=8824 minreq=3528
00:00:10.757699 HDAcodec: can't open out fmt(freq: 44100)
00:00:10.758174 VUSB: attached 'HidMouse' to port 1
00:00:10.768122 DevPcBios: SATA LUN#0 LCHS=1024/255/63
00:00:10.768273 PGM: The CPU physical address width is 36 bits
00:00:10.768280 PGMR3InitFinalize: 4 MB PSE mask 0000000fffffffff
00:00:10.781083 VMM: fUsePeriodicPreemptionTimers=true 
00:00:10.781161 HWACCM: Host CR4=000406F0
00:00:10.781164 HWACCM: MSR_IA32_FEATURE_CONTROL      = 5
00:00:10.781166 HWACCM: MSR_IA32_VMX_BASIC_INFO       = da040000000010
00:00:10.781168 HWACCM: VMCS id                       = 10
00:00:10.781170 HWACCM: VMCS size                     = 400
00:00:10.781171 HWACCM: VMCS physical address limit   = None
00:00:10.781172 HWACCM: VMCS memory type              = 6
00:00:10.781173 HWACCM: Dual monitor treatment        = 1
00:00:10.781174 HWACCM: MSR_IA32_VMX_PINBASED_CTLS    = 7f00000016
00:00:10.781176 HWACCM:    VMX_VMCS_CTRL_PIN_EXEC_CONTROLS_EXT_INT_EXIT
00:00:10.781177 HWACCM:    VMX_VMCS_CTRL_PIN_EXEC_CONTROLS_NMI_EXIT
00:00:10.781178 HWACCM:    VMX_VMCS_CTRL_PIN_EXEC_CONTROLS_VIRTUAL_NMI
00:00:10.781179 HWACCM:    VMX_VMCS_CTRL_PIN_EXEC_CONTROLS_PREEMPT_TIMER
00:00:10.781180 HWACCM: MSR_IA32_VMX_PROCBASED_CTLS   = fff9fffe0401e172
00:00:10.781182 HWACCM:    VMX_VMCS_CTRL_PROC_EXEC_CONTROLS_IRQ_WINDOW_EXIT
00:00:10.781183 HWACCM:    VMX_VMCS_CTRL_PROC_EXEC_CONTROLS_TSC_OFFSET
00:00:10.781184 HWACCM:    VMX_VMCS_CTRL_PROC_EXEC_CONTROLS_HLT_EXIT
00:00:10.781185 HWACCM:    VMX_VMCS_CTRL_PROC_EXEC_CONTROLS_INVLPG_EXIT
00:00:10.781186 HWACCM:    VMX_VMCS_CTRL_PROC_EXEC_CONTROLS_MWAIT_EXIT
00:00:10.781187 HWACCM:    VMX_VMCS_CTRL_PROC_EXEC_CONTROLS_RDPMC_EXIT
00:00:10.781188 HWACCM:    VMX_VMCS_CTRL_PROC_EXEC_CONTROLS_RDTSC_EXIT
00:00:10.781188 HWACCM:    VMX_VMCS_CTRL_PROC_EXEC_CONTROLS_CR3_LOAD_EXIT
00:00:10.781189 HWACCM:    VMX_VMCS_CTRL_PROC_EXEC_CONTROLS_CR3_STORE_EXIT
00:00:10.781190 HWACCM:    VMX_VMCS_CTRL_PROC_EXEC_CONTROLS_CR8_LOAD_EXIT
00:00:10.781191 HWACCM:    VMX_VMCS_CTRL_PROC_EXEC_CONTROLS_CR8_STORE_EXIT
00:00:10.781192 HWACCM:    VMX_VMCS_CTRL_PROC_EXEC_CONTROLS_USE_TPR_SHADOW
00:00:10.781193 HWACCM:    VMX_VMCS_CTRL_PROC_EXEC_CONTROLS_NMI_WINDOW_EXIT
00:00:10.781193 HWACCM:    VMX_VMCS_CTRL_PROC_EXEC_CONTROLS_MOV_DR_EXIT
00:00:10.781194 HWACCM:    VMX_VMCS_CTRL_PROC_EXEC_CONTROLS_UNCOND_IO_EXIT
00:00:10.781195 HWACCM:    VMX_VMCS_CTRL_PROC_EXEC_CONTROLS_USE_IO_BITMAPS
00:00:10.781196 HWACCM:    VMX_VMCS_CTRL_PROC_EXEC_CONTROLS_MONITOR_TRAP_FLAG
00:00:10.781197 HWACCM:    VMX_VMCS_CTRL_PROC_EXEC_CONTROLS_USE_MSR_BITMAPS
00:00:10.781198 HWACCM:    VMX_VMCS_CTRL_PROC_EXEC_CONTROLS_MONITOR_EXIT
00:00:10.781199 HWACCM:    VMX_VMCS_CTRL_PROC_EXEC_CONTROLS_PAUSE_EXIT
00:00:10.781199 HWACCM:    VMX_VMCS_CTRL_PROC_EXEC_USE_SECONDARY_EXEC_CTRL
00:00:10.781206 HWACCM:    VMX_VMCS_CTRL_PROC_EXEC_CONTROLS_CR3_LOAD_EXIT *must* be set
00:00:10.781207 HWACCM:    VMX_VMCS_CTRL_PROC_EXEC_CONTROLS_CR3_STORE_EXIT *must* be set
00:00:10.781208 HWACCM: MSR_IA32_VMX_PROCBASED_CTLS2  = ff00000000
00:00:10.781210 HWACCM:    VMX_VMCS_CTRL_PROC_EXEC2_VIRT_APIC
00:00:10.781211 HWACCM:    VMX_VMCS_CTRL_PROC_EXEC2_EPT
00:00:10.781211 HWACCM:    VMX_VMCS_CTRL_PROC_EXEC2_DESCRIPTOR_INSTR_EXIT
00:00:10.781212 HWACCM:    VMX_VMCS_CTRL_PROC_EXEC2_RDTSCP
00:00:10.781213 HWACCM:    VMX_VMCS_CTRL_PROC_EXEC2_X2APIC
00:00:10.781214 HWACCM:    VMX_VMCS_CTRL_PROC_EXEC2_VPID
00:00:10.781215 HWACCM:    VMX_VMCS_CTRL_PROC_EXEC2_WBINVD_EXIT
00:00:10.781216 HWACCM:    VMX_VMCS_CTRL_PROC_EXEC2_REAL_MODE
00:00:10.781216 HWACCM: MSR_IA32_VMX_ENTRY_CTLS       = ffff000011ff
00:00:10.781218 HWACCM:    VMX_VMCS_CTRL_ENTRY_CONTROLS_LOAD_DEBUG
00:00:10.781219 HWACCM:    VMX_VMCS_CTRL_ENTRY_CONTROLS_IA64_MODE
00:00:10.781220 HWACCM:    VMX_VMCS_CTRL_ENTRY_CONTROLS_ENTRY_SMM
00:00:10.781221 HWACCM:    VMX_VMCS_CTRL_ENTRY_CONTROLS_DEACTIVATE_DUALMON
00:00:10.781222 HWACCM:    VMX_VMCS_CTRL_ENTRY_CONTROLS_LOAD_GUEST_PERF_MSR
00:00:10.781223 HWACCM:    VMX_VMCS_CTRL_ENTRY_CONTROLS_LOAD_GUEST_PAT_MSR
00:00:10.781223 HWACCM:    VMX_VMCS_CTRL_ENTRY_CONTROLS_LOAD_GUEST_EFER_MSR
00:00:10.781224 HWACCM:    VMX_VMCS_CTRL_ENTRY_CONTROLS_LOAD_DEBUG *must* be set
00:00:10.781225 HWACCM: MSR_IA32_VMX_EXIT_CTLS        = 7fffff00036dff
00:00:10.781227 HWACCM:    VMX_VMCS_CTRL_EXIT_CONTROLS_SAVE_DEBUG
00:00:10.781228 HWACCM:    VMX_VMCS_CTRL_EXIT_CONTROLS_HOST_AMD64
00:00:10.781229 HWACCM:    VMX_VMCS_CTRL_EXIT_CONTROLS_ACK_EXTERNAL_IRQ
00:00:10.781230 HWACCM:    VMX_VMCS_CTRL_EXIT_CONTROLS_SAVE_GUEST_PAT_MSR
00:00:10.781230 HWACCM:    VMX_VMCS_CTRL_EXIT_CONTROLS_LOAD_HOST_PAT_MSR
00:00:10.781231 HWACCM:    VMX_VMCS_CTRL_EXIT_CONTROLS_SAVE_GUEST_EFER_MSR
00:00:10.781232 HWACCM:    VMX_VMCS_CTRL_EXIT_CONTROLS_LOAD_HOST_EFER_MSR
00:00:10.781233 HWACCM:    VMX_VMCS_CTRL_EXIT_CONTROLS_SAVE_VMX_PREEMPT_TIMER
00:00:10.781234 HWACCM:    VMX_VMCS_CTRL_EXIT_CONTROLS_SAVE_DEBUG *must* be set
00:00:10.781236 HWACCM: MSR_IA32_VMX_EPT_VPID_CAPS    = f0106114141
00:00:10.781238 HWACCM:    MSR_IA32_VMX_EPT_CAPS_RWX_X_ONLY
00:00:10.781239 HWACCM:    MSR_IA32_VMX_EPT_CAPS_GAW_48_BITS
00:00:10.781240 HWACCM:    MSR_IA32_VMX_EPT_CAPS_EMT_UC
00:00:10.781241 HWACCM:    MSR_IA32_VMX_EPT_CAPS_EMT_WB
00:00:10.781242 HWACCM:    MSR_IA32_VMX_EPT_CAPS_SP_21_BITS
00:00:10.781243 HWACCM:    MSR_IA32_VMX_EPT_CAPS_INVEPT
00:00:10.781244 HWACCM:    MSR_IA32_VMX_EPT_CAPS_INVEPT_CAPS_SINGLE_CONTEXT
00:00:10.781244 HWACCM:    MSR_IA32_VMX_EPT_CAPS_INVEPT_CAPS_ALL_CONTEXTS
00:00:10.781245 HWACCM:    MSR_IA32_VMX_EPT_CAPS_INVVPID
00:00:10.781246 HWACCM:    MSR_IA32_VMX_EPT_CAPS_INVVPID_CAPS_INDIV_ADDR
00:00:10.781247 HWACCM:    MSR_IA32_VMX_EPT_CAPS_INVVPID_CAPS_SINGLE_CONTEXT
00:00:10.781248 HWACCM:    MSR_IA32_VMX_EPT_CAPS_INVVPID_CAPS_ALL_CONTEXTS
00:00:10.781248 HWACCM:    MSR_IA32_VMX_EPT_CAPS_INVVPID_CAPS_SINGLE_CONTEXT_RETAIN_GLOBALS
00:00:10.781249 HWACCM: MSR_IA32_VMX_MISC             = 100401e5
00:00:10.781251 HWACCM:    MSR_IA32_VMX_MISC_PREEMPT_TSC_BIT 5
00:00:10.781252 HWACCM:    MSR_IA32_VMX_MISC_ACTIVITY_STATES 7
00:00:10.781253 HWACCM:    MSR_IA32_VMX_MISC_CR3_TARGET      4
00:00:10.781254 HWACCM:    MSR_IA32_VMX_MISC_MAX_MSR         200
00:00:10.781255 HWACCM:    MSR_IA32_VMX_MISC_MSEG_ID         0
00:00:10.781256 HWACCM: MSR_IA32_VMX_CR0_FIXED0       = 80000021
00:00:10.781257 HWACCM: MSR_IA32_VMX_CR0_FIXED1       = ffffffff
00:00:10.781259 HWACCM: MSR_IA32_VMX_CR4_FIXED0       = 2000
00:00:10.781260 HWACCM: MSR_IA32_VMX_CR4_FIXED1       = 627ff
00:00:10.781262 HWACCM: MSR_IA32_VMX_VMCS_ENUM        = 2a
00:00:10.781263 HWACCM: TPR shadow physaddr           = 0000000018e0f000
00:00:10.781264 HWACCM: VCPU0: MSR bitmap physaddr    = 0000000018e12000
00:00:10.781266 HWACCM: VCPU0: VMCS physaddr          = 0000000018e10000
00:00:10.781285 CPUMSetGuestCpuIdFeature: Enabled sysenter/exit
00:00:10.781286 HWACCM: 32-bit guests supported.
00:00:10.781287 HWACCM: VMX enabled!
00:00:10.781288 HWACCM: Enabled nested paging
00:00:10.781289 HWACCM: EPT root page                 = 000000002df1b000
00:00:10.781291 HWACCM: enmFlushEPT                   = VMX_FLUSH_EPT_SINGLE_CONTEXT
00:00:10.781292 HWACCM: Unrestricted guest execution enabled!
00:00:10.781292 HWACCM: Enabled VPID
00:00:10.781293 HWACCM: enmFlushVPID                  = VMX_FLUSH_VPID_SINGLE_CONTEXT
00:00:10.781294 HWACCM: TPR Patching disabled.
00:00:10.781297 HWACCM: Using the VMX-preemption timer (cPreemptTimerShift=5)
00:00:10.781299 HWACCM:    VT-x/AMD-V init method: GLOBAL
00:00:10.787909 VM: Halt method global1 (5)
00:00:10.787930 HaltedGlobal1 config: cNsSpinBlockThresholdCfg=2000
00:00:10.787933 Changing the VM state from 'CREATING' to 'CREATED'.
00:00:10.788700 Changing the VM state from 'CREATED' to 'POWERING_ON'.
00:00:10.788725 AIOMgr: Endpoints without assigned bandwidth groups:
00:00:10.788731 AIOMgr:     /home/rishabh/VirtualBox VMs/Rish/Rish.vdi
00:00:10.789021 Changing the VM state from 'POWERING_ON' to 'RUNNING'.
00:00:10.790397 Guest Log: BIOS: VirtualBox 4.2.0
00:00:10.790501 PIT: mode=2 count=0x10000 (65536) - 18.20 Hz (ch=0)
00:00:10.802110 PIIX3 ATA: Ctl#1: RESET, DevSel=0 AIOIf=0 CmdIf0=0x00 (-1 usec ago) CmdIf1=0x00 (-1 usec ago)
00:00:10.802148 PIIX3 ATA: Ctl#1: finished processing RESET
00:00:10.807585 AHCI#0: Reset the HBA
00:00:10.807638 AHCI#0: Port 0 reset
00:00:10.807905 Guest Log: BIOS: AHCI 0-P#0: PCHS=16383/16/63 LCHS=1024/255/63 52428800 sectors
00:00:10.807938 PIT: mode=2 count=0x48d3 (18643) - 64.00 Hz (ch=0)
00:00:10.810143 Display::handleDisplayResize(): uScreenId = 0, pvVRAM=a923a000 w=640 h=480 bpp=32 cbLine=0xA00, flags=0x1
00:00:10.944881 2D video acceleration is disabled.
00:00:13.285601 Display::handleDisplayResize(): uScreenId = 0, pvVRAM=00000000 w=720 h=400 bpp=0 cbLine=0x0, flags=0x1
00:00:13.288844 PIT: mode=2 count=0x10000 (65536) - 18.20 Hz (ch=0)
00:00:13.289141 Guest Log: BIOS: Boot : bseqnr=1, bootseq=0231
00:00:13.289439 Guest Log: BIOS: Boot from Floppy 0 failed
00:00:13.289775 Guest Log: BIOS: Boot : bseqnr=2, bootseq=0023
00:00:13.290463 Guest Log: BIOS: CDROM boot failure code : 0003
00:00:13.290577 Guest Log: BIOS: Boot from CD-ROM failed
00:00:13.290902 Guest Log: BIOS: Boot : bseqnr=3, bootseq=0002
00:00:13.291145 Guest Log: BIOS: Boot from Hard Disk 0 failed
00:00:13.291710 Guest Log: No bootable medium found! System halted.
00:01:44.185775 Changing the VM state from 'RUNNING' to 'SUSPENDING'.
00:01:44.207849 AIOMgr: Endpoint for file '/home/rishabh/VirtualBox VMs/Rish/Rish.vdi' (flags 000c0781) created successfully
00:01:44.251277 PDMR3Suspend: 65 469 119 ns run time
00:01:44.251302 Changing the VM state from 'SUSPENDING' to 'SUSPENDED'.
00:01:49.745351 Console::powerDown(): A request to power off the VM has been issued (mMachineState=Stopping, InUninit=0)
00:01:49.746109 Changing the VM state from 'SUSPENDED' to 'POWERING_OFF'.
00:01:49.746141 ****************** Guest state at power off ******************
00:01:49.746148 Guest CPUM (VCPU 0) state: 
00:01:49.746153 eax=00150000 ebx=0000046c ecx=00000000 edx=00000500 esi=00000000 edi=000007c0
00:01:49.746160 eip=00001b1c esp=000077be ebp=000077c6 iopl=0         nv up di pl zr na pe nc
00:01:49.746164 cs={f000 base=00000000000f0000 limit=0000ffff flags=0000009b} dr0=00000000 dr1=00000000
00:01:49.746171 ds={f000 base=00000000000f0000 limit=0000ffff flags=00000093} dr2=00000000 dr3=00000000
00:01:49.746177 es={0000 base=0000000000000000 limit=0000ffff flags=00000093} dr4=00000000 dr5=00000000
00:01:49.746181 fs={0000 base=0000000000000000 limit=0000ffff flags=00000093} dr6=ffff0ff0 dr7=00000400
00:01:49.746186 gs={0000 base=0000000000000000 limit=0000ffff flags=00000093} cr0=00000010 cr2=00000000
00:01:49.746191 ss={0000 base=0000000000000000 limit=0000ffff flags=00000093} cr3=00000000 cr4=00000000
00:01:49.746195 gdtr=00000000000fe898:0047  idtr=0000000000000000:ffff  eflags=00000002
00:01:49.746199 ldtr={0000 base=00000000 limit=00000000 flags=00000082}
00:01:49.746202 tr  ={0000 base=00000000 limit=0000ffff flags=0000008b}
00:01:49.746205 SysEnter={cs=0000 eip=00000000 esp=00000000}
00:01:49.746208 FCW=037f FSW=0000 FTW=0000 FOP=0000 MXCSR=00001f80 MXCSR_MASK=0000ffff
00:01:49.746212 FPUIP=00000000 CS=0000 Rsrvd1=0000  FPUDP=00000000 DS=0000 Rsvrd2=0000
00:01:49.746216 ST(0)=FPR0={0000'00000000'00000000} t0 +0.0000000000000000000000 ^ 0
00:01:49.746223 ST(1)=FPR1={0000'00000000'00000000} t0 +0.0000000000000000000000 ^ 0
00:01:49.746228 ST(2)=FPR2={0000'00000000'00000000} t0 +0.0000000000000000000000 ^ 0
00:01:49.746233 ST(3)=FPR3={0000'00000000'00000000} t0 +0.0000000000000000000000 ^ 0
00:01:49.746238 ST(4)=FPR4={0000'00000000'00000000} t0 +0.0000000000000000000000 ^ 0
00:01:49.746243 ST(5)=FPR5={0000'00000000'00000000} t0 +0.0000000000000000000000 ^ 0
00:01:49.746248 ST(6)=FPR6={0000'00000000'00000000} t0 +0.0000000000000000000000 ^ 0
00:01:49.746253 ST(7)=FPR7={0000'00000000'00000000} t0 +0.0000000000000000000000 ^ 0
00:01:49.746258 XMM0 =00000000'00000000'00000000'00000000  XMM1 =00000000'00000000'00000000'00000000
00:01:49.746265 XMM2 =00000000'00000000'00000000'00000000  XMM3 =00000000'00000000'00000000'00000000
00:01:49.746272 XMM4 =00000000'00000000'00000000'00000000  XMM5 =00000000'00000000'00000000'00000000
00:01:49.746278 XMM6 =00000000'00000000'00000000'00000000  XMM7 =00000000'00000000'00000000'00000000
00:01:49.746285 XMM8 =00000000'00000000'00000000'00000000  XMM9 =00000000'00000000'00000000'00000000
00:01:49.746291 XMM10=00000000'00000000'00000000'00000000  XMM11=00000000'00000000'00000000'00000000
00:01:49.746298 XMM12=00000000'00000000'00000000'00000000  XMM13=00000000'00000000'00000000'00000000
00:01:49.746305 XMM14=00000000'00000000'00000000'00000000  XMM15=00000000'00000000'00000000'00000000
00:01:49.746311 EFER         =0000000000000000
00:01:49.746313 PAT          =0007040600070406
00:01:49.746317 STAR         =0000000000000000
00:01:49.746318 CSTAR        =0000000000000000
00:01:49.746320 LSTAR        =0000000000000000
00:01:49.746321 SFMASK       =0000000000000000
00:01:49.746323 KERNELGSBASE =0000000000000000
00:01:49.746325 ***
00:01:49.746330 Guest paging mode:  Real (changed 4 times), A20 disabled (changed 1 times)
00:01:49.746333 Shadow paging mode: EPT
00:01:49.746335 Host paging mode:   PAE+G
00:01:49.746337 ***
00:01:49.746343 Active Timers (pVM=ace03000)
00:01:49.746345 pTimerR3 offNext  offPrev  offSched Clock               Time             Expire HzHint State                     Description
00:01:49.746353 ac2b9300 0000f0e0 00000000 00000000 Real           170199623          170194082      0 2-ACTIVE                  VGA Refresh Timer
00:01:49.746364 ac2c83e0 ffffffa0 ffff0f20 00000000 Real           170199623          170194085      0 2-ACTIVE                  EMT Yielder
00:01:49.746373 ac2c8380 00000000 00000060 00000000 Real           170199623          170194652      0 2-ACTIVE                  CPU Load Timer
00:01:49.746382 ac2c4bd0 00000000 00000000 00000000 Virt         93462507619        93397253686      0 2-ACTIVE                  Audio timer
00:01:49.746391 ac2b15c0 00000500 00000000 00000000 VrSy         93396260820        93400469538     18 2-ACTIVE                  i8254 Programmable Interval Timer
00:01:49.746400 ac2b1ac0 00015980 fffffb00 00000000 VrSy         93396260820        93990000000      0 2-ACTIVE                  MC146818 RTC/CMOS - Second
00:01:49.746410 ac2c7440 00000000 fffea680 00000000 VrSy         93396260820      1199864031601      0 2-ACTIVE                  ACPI PM Timer
00:01:49.746419 ***
00:01:49.746423 Shadow GDT (GCAddr=ff78d000):
00:01:49.746455 ffd8 - 81980087 ff008940 - base=ff408198 limit=00000087 dpl=0 TSS32Avail Present 16-bit  HyperTSSTrap08
00:01:49.746460 ffe0 - 81100087 ff008940 - base=ff408110 limit=00000087 dpl=0 TSS32Avail Present 16-bit  HyperTSS
00:01:49.746465 ffe8 - 0000ffff 00af9b00 - base=00000000 limit=ffffffff dpl=0 CodeER Accessed Present Page 16-bit  HyperCS64
00:01:49.746469 fff0 - 0000ffff 00cf9300 - base=00000000 limit=ffffffff dpl=0 DataRW Accessed Present Page 32-bit  HyperDS
00:01:49.746473 fff8 - 0000ffff 00cf9b00 - base=00000000 limit=ffffffff dpl=0 CodeER Accessed Present Page 32-bit  HyperCS
00:01:49.746475 ***
00:01:49.746476 ***
00:01:49.746477 ss:sp=0000:77be 0000:7780 TO 0000:787f:
00:01:49.746483 ac7a80ec 0000: 0a 07 01 00 00 77 07 77-00 00 92 77 c0 07 4e 31 .....w.w...w..N1
00:01:49.746497 ac7a80fc 0010: 00 f0 b6 77 c0 07 00 00-f0 00 c0 07 00 00 b6 77 ...w...........w
00:01:49.746506 ac7a810c 0020: aa 77 07 00 04 05 0a 00-0a 0e 00 f0 00 00 46 00 .w............F.
00:01:49.746515 ac7a811c 0030: 85 17 00 f0 46 02 c6 77-00 00 6b 04 06 1b 00 00 ....F..w..k.....
00:01:49.746524 ac7a812c 0040: 00 00 d8 77 c0 07 d8 77-c0 07 00 00 00 00 00 f0 ...w...w........
00:01:49.746532 ac7a813c 0050: dc 0c 05 46 07 00 6c 04-ee 77 02 00 58 47 01 00 ...F..l..w..XG..
00:01:49.746540 ac7a814c 0060: 15 00 03 00 c0 9f 00 00-00 00 01 00 80 00 f8 77 ...............w
00:01:49.746548 ac7a815c 0070: 00 fc a0 f4 eb f0 03 00-fa 77 b7 e2 00 f0 46 02 .........w....F.
00:01:49.746556 ac7a816c 0080: 00 00 00 00 00 00 00 00-00 00 00 00 00 00 00 00 ................
00:01:49.746564 ac7a817c 0090: 00 00 00 00 00 00 00 00-00 00 00 00 00 00 00 00 ................
00:01:49.746572 ac7a818c 00a0: 00 00 00 00 00 00 00 00-00 00 00 00 00 00 00 00 ................
00:01:49.746579 ac7a819c 00b0: 00 00 00 00 00 00 00 00-00 00 00 00 00 00 00 00 ................
00:01:49.746587 ac7a81ac 00c0: 00 00 00 00 00 00 00 00-00 00 00 00 00 00 00 00 ................
00:01:49.746594 ac7a81bc 00d0: 00 00 00 00 00 00 00 00-00 00 00 00 00 00 00 00 ................
00:01:49.746601 ac7a81cc 00e0: 00 00 00 00 00 00 00 00-00 00 00 00 00 00 00 00 ................
00:01:49.746609 ac7a81dc 00f0: 00 00 00 00 00 00 00 00-00 00 00 00 00 00 00 00 ................
00:01:49.746618 2000:0000 TO 2000:01ff:
00:01:49.746620 ac7a80ec 0000: 00 00 00 00 00 00 00 00-00 00 00 00 00 00 00 00 ................
00:01:49.746628 ac7a80fc 0010: 00 00 00 00 00 00 00 00-00 00 00 00 00 00 00 00 ................
00:01:49.746636 ac7a810c 0020: 00 00 00 00 00 00 00 00-00 00 00 00 00 00 00 00 ................
00:01:49.746643 ac7a811c 0030: 00 00 00 00 00 00 00 00-00 00 00 00 00 00 00 00 ................
00:01:49.746650 ac7a812c 0040: 00 00 00 00 00 00 00 00-00 00 00 00 00 00 00 00 ................
00:01:49.746658 ac7a813c 0050: 00 00 00 00 00 00 00 00-00 00 00 00 00 00 00 00 ................
00:01:49.746665 ac7a814c 0060: 00 00 00 00 00 00 00 00-00 00 00 00 00 00 00 00 ................
00:01:49.746673 ac7a815c 0070: 00 00 00 00 00 00 00 00-00 00 00 00 00 00 00 00 ................
00:01:49.746680 ac7a816c 0080: 00 00 00 00 00 00 00 00-00 00 00 00 00 00 00 00 ................
00:01:49.746688 ac7a817c 0090: 00 00 00 00 00 00 00 00-00 00 00 00 00 00 00 00 ................
00:01:49.746695 ac7a818c 00a0: 00 00 00 00 00 00 00 00-00 00 00 00 00 00 00 00 ................
00:01:49.746702 ac7a819c 00b0: 00 00 00 00 00 00 00 00-00 00 00 00 00 00 00 00 ................
00:01:49.746710 ac7a81ac 00c0: 00 00 00 00 00 00 00 00-00 00 00 00 00 00 00 00 ................
00:01:49.746717 ac7a81bc 00d0: 00 00 00 00 00 00 00 00-00 00 00 00 00 00 00 00 ................
00:01:49.746725 ac7a81cc 00e0: 00 00 00 00 00 00 00 00-00 00 00 00 00 00 00 00 ................
00:01:49.746896 ac7a81dc 00f0: 00 00 00 00 00 00 00 00-00 00 00 00 00 00 00 00 ................
00:01:49.746904 ac7a81ec 0100: 00 00 00 00 00 00 00 00-00 00 00 00 00 00 00 00 ................
00:01:49.746912 ac7a81fc 0110: 00 00 00 00 00 00 00 00-00 00 00 00 00 00 00 00 ................
00:01:49.746919 ac7a820c 0120: 00 00 00 00 00 00 00 00-00 00 00 00 00 00 00 00 ................
00:01:49.746926 ac7a821c 0130: 00 00 00 00 00 00 00 00-00 00 00 00 00 00 00 00 ................
00:01:49.746934 ac7a822c 0140: 00 00 00 00 00 00 00 00-00 00 00 00 00 00 00 00 ................
00:01:49.746941 ac7a823c 0150: 00 00 00 00 00 00 00 00-00 00 00 00 00 00 00 00 ................
00:01:49.746949 ac7a824c 0160: 00 00 00 00 00 00 00 00-00 00 00 00 00 00 00 00 ................
00:01:49.746956 ac7a825c 0170: 00 00 00 00 00 00 00 00-00 00 00 00 00 00 00 00 ................
00:01:49.746963 ac7a826c 0180: 00 00 00 00 00 00 00 00-00 00 00 00 00 00 00 00 ................
00:01:49.746971 ac7a827c 0190: 00 00 00 00 00 00 00 00-00 00 00 00 00 00 00 00 ................
00:01:49.746979 ac7a828c 01a0: 00 00 00 00 00 00 00 00-00 00 00 00 00 00 00 00 ................
00:01:49.746986 ac7a829c 01b0: 00 00 00 00 00 00 00 00-00 00 00 00 00 00 00 00 ................
00:01:49.746994 ac7a82ac 01c0: 00 00 00 00 00 00 00 00-00 00 00 00 00 00 00 00 ................
00:01:49.747001 ac7a82bc 01d0: 00 00 00 00 00 00 00 00-00 00 00 00 00 00 00 00 ................
00:01:49.747008 ac7a82cc 01e0: 00 00 00 00 00 00 00 00-00 00 00 00 00 00 00 00 ................
00:01:49.747014 ac7a82dc 01f0: 00 00 00 00 00 00 00 00-00 00 00 00 00 00 00 00 ................
00:01:49.747022 ************** End of Guest state at power off ***************
00:01:49.747072 PDMR3PowerOff: 6 180 ns run time
00:01:49.747081 Changing the VM state from 'POWERING_OFF' to 'OFF'.
00:01:49.748852 Changing the VM state from 'OFF' to 'DESTROYING'.
00:01:49.748889 ************************* Statistics *************************
00:01:49.748981 /Devices/E1k0/ReceiveBytes              0 bytes
00:01:49.748990 /Devices/E1k0/TransmitBytes             0 bytes
00:01:49.748997 /Devices/IDE0/ATA0/Unit0/AtapiDMA        0 times
00:01:49.749003 /Devices/IDE0/ATA0/Unit0/AtapiPIO        0 times
00:01:49.749010 /Devices/IDE0/ATA0/Unit0/DMA            0 times
00:01:49.749017 /Devices/IDE0/ATA0/Unit0/PIO            0 times
00:01:49.749024 /Devices/IDE0/ATA0/Unit0/ReadBytes        0 bytes
00:01:49.749030 /Devices/IDE0/ATA0/Unit0/WrittenBytes        0 bytes
00:01:49.749036 /Devices/IDE0/ATA0/Unit1/AtapiDMA        0 times
00:01:49.749043 /Devices/IDE0/ATA0/Unit1/AtapiPIO        0 times
00:01:49.749049 /Devices/IDE0/ATA0/Unit1/DMA            0 times
00:01:49.749055 /Devices/IDE0/ATA0/Unit1/PIO            0 times
00:01:49.749061 /Devices/IDE0/ATA0/Unit1/ReadBytes        0 bytes
00:01:49.749067 /Devices/IDE0/ATA0/Unit1/WrittenBytes        0 bytes
00:01:49.749073 /Devices/IDE0/ATA1/Unit0/AtapiDMA        0 times
00:01:49.749080 /Devices/IDE0/ATA1/Unit0/AtapiPIO        0 times
00:01:49.749086 /Devices/IDE0/ATA1/Unit0/DMA            0 times
00:01:49.749092 /Devices/IDE0/ATA1/Unit0/PIO            0 times
00:01:49.749098 /Devices/IDE0/ATA1/Unit0/ReadBytes        0 bytes
00:01:49.749104 /Devices/IDE0/ATA1/Unit0/WrittenBytes        0 bytes
00:01:49.749110 /Devices/IDE0/ATA1/Unit1/AtapiDMA        0 times
00:01:49.749116 /Devices/IDE0/ATA1/Unit1/AtapiPIO        0 times
00:01:49.749122 /Devices/IDE0/ATA1/Unit1/DMA            0 times
00:01:49.749128 /Devices/IDE0/ATA1/Unit1/PIO            0 times
00:01:49.749134 /Devices/IDE0/ATA1/Unit1/ReadBytes        0 bytes
00:01:49.749140 /Devices/IDE0/ATA1/Unit1/WrittenBytes        0 bytes
00:01:49.749146 /Devices/SATA0/Port0/DMA                1 times
00:01:49.749154 /Devices/SATA0/Port0/ReadBytes        512 bytes
00:01:49.749166 /Devices/VMMDev/BalloonChunks           0 count
00:01:49.749175 /FT/Checkpoint/Network                  0 times
00:01:49.749181 /FT/Checkpoint/Storage                  0 times
00:01:49.749187 /FT/Received/Mem                        0 bytes
00:01:49.749194 /FT/Received/State                      0 bytes
00:01:49.749201 /FT/Sent/Mem                            0 bytes
00:01:49.749208 /FT/Sent/State                          0 bytes
00:01:49.749215 /FT/Sync/DeltaMem                       0 times
00:01:49.749222 /FT/Sync/DeltaVM                        0 times
00:01:49.749229 /FT/Sync/Full                           0 times
00:01:49.749236 /GMM/VM/Allocated/cBasePages          545 pages
00:01:49.749242 /GMM/VM/Allocated/cFixedPages           0 pages
00:01:49.749248 /GMM/VM/Allocated/cShadowPages          0 pages
00:01:49.749255 /GMM/VM/Reserved/cBasePages        131230 pages
00:01:49.749262 /GMM/VM/Reserved/cFixedPages         5636 pages
00:01:49.749269 /GMM/VM/Reserved/cShadowPages           1 pages
00:01:49.749276 /GMM/VM/cBalloonedPages                 0 pages
00:01:49.749283 /GMM/VM/cMaxBalloonedPages              0 pages
00:01:49.749290 /GMM/VM/cPrivatePages                 545 pages
00:01:49.749298 /GMM/VM/cReqActuallyBalloonedPages        0 pages
00:01:49.749304 /GMM/VM/cReqBalloonedPages              0 pages
00:01:49.749309 /GMM/VM/cReqDeflatePages                0 pages
00:01:49.749313 /GMM/VM/cShareableModules               0 count
00:01:49.749318 /GMM/VM/cSharedPages                    0 pages
00:01:49.749322 /GMM/VM/enmPolicy                       1 
00:01:49.749326 /GMM/VM/enmPriority                     2 
00:01:49.749331 /GMM/VM/fBallooningEnabled       false    
00:01:49.749337 /GMM/VM/fMayAllocate             false    
00:01:49.749344 /GMM/VM/fSharedPagingEnabled     false    
00:01:49.749351 /GMM/cAllocatedPages                  545 pages
00:01:49.749359 /GMM/cBalloonedPages                    0 pages
00:01:49.749376 /GMM/cChunks                            2 count
00:01:49.749384 /GMM/cDuplicatePages                    0 pages
00:01:49.749388 /GMM/cFreedChunks                       0 count
00:01:49.749393 /GMM/cLeftBehindSharedPages             0 pages
00:01:49.749397 /GMM/cMaxPages                   4294967295 pages
00:01:49.749402 /GMM/cOverCommittedPages                0 pages
00:01:49.749406 /GMM/cReservedPages                136867 pages
00:01:49.749411 /GMM/cShareableModules                  0 count
00:01:49.749415 /GMM/cSharedPages                       0 pages
00:01:49.749419 /GVMM/EMTs                              1 calls
00:01:49.749423 /GVMM/HostCPUs                          4 calls
00:01:49.749428 /GVMM/HostCpus/0                        0 
00:01:49.749432 /GVMM/HostCpus/0/CurTimerHz             0 Hz
00:01:49.749438 /GVMM/HostCpus/0/DesiredHz              0 Hz
00:01:49.749445 /GVMM/HostCpus/0/PPTChanges             0 times
00:01:49.749452 /GVMM/HostCpus/0/PPTStarts              3 times
00:01:49.749459 /GVMM/HostCpus/0/idxCpuSet              0 
00:01:49.749466 /GVMM/HostCpus/1                        1 
00:01:49.749472 /GVMM/HostCpus/1/CurTimerHz             0 Hz
00:01:49.749478 /GVMM/HostCpus/1/DesiredHz              0 Hz
00:01:49.749484 /GVMM/HostCpus/1/PPTChanges             6 times
00:01:49.749490 /GVMM/HostCpus/1/PPTStarts              3 times
00:01:49.749497 /GVMM/HostCpus/1/idxCpuSet              1 
00:01:49.749503 /GVMM/HostCpus/2                        2 
00:01:49.749509 /GVMM/HostCpus/2/CurTimerHz             0 Hz
00:01:49.749515 /GVMM/HostCpus/2/DesiredHz              0 Hz
00:01:49.749521 /GVMM/HostCpus/2/PPTChanges             3 times
00:01:49.749527 /GVMM/HostCpus/2/PPTStarts              4 times
00:01:49.749533 /GVMM/HostCpus/2/idxCpuSet              2 
00:01:49.749539 /GVMM/HostCpus/3                        3 
00:01:49.749546 /GVMM/HostCpus/3/CurTimerHz             0 Hz
00:01:49.749552 /GVMM/HostCpus/3/DesiredHz              0 Hz
00:01:49.749558 /GVMM/HostCpus/3/PPTChanges             0 times
00:01:49.749564 /GVMM/HostCpus/3/PPTStarts              3 times
00:01:49.749570 /GVMM/HostCpus/3/idxCpuSet              3 
00:01:49.749576 /GVMM/Sum/HaltBlocking              35246 calls
00:01:49.749583 /GVMM/Sum/HaltCalls                 35722 calls
00:01:49.749590 /GVMM/Sum/HaltNotBlocking             476 calls
00:01:49.749597 /GVMM/Sum/HaltTimeouts              29503 calls
00:01:49.749603 /GVMM/Sum/HaltWakeUps                   0 calls
00:01:49.749610 /GVMM/Sum/PokeCalls                     0 calls
00:01:49.749616 /GVMM/Sum/PokeNotBusy                   0 calls
00:01:49.749623 /GVMM/Sum/PollCalls                     0 calls
00:01:49.749630 /GVMM/Sum/PollHalts                     0 calls
00:01:49.749636 /GVMM/Sum/PollWakeUps                   0 calls
00:01:49.749643 /GVMM/Sum/WakeUpCalls                6659 calls
00:01:49.749650 /GVMM/Sum/WakeUpNotHalted            2746 calls
00:01:49.749656 /GVMM/Sum/WakeUpWakeUps                 0 calls
00:01:49.749663 /GVMM/VM/HaltBlocking               35246 calls
00:01:49.749670 /GVMM/VM/HaltCalls                  35722 calls
00:01:49.749677 /GVMM/VM/HaltNotBlocking              476 calls
00:01:49.749684 /GVMM/VM/HaltTimeouts               29503 calls
00:01:49.749691 /GVMM/VM/HaltWakeUps                    0 calls
00:01:49.749701 /GVMM/VM/PokeCalls                      0 calls
00:01:49.749708 /GVMM/VM/PokeNotBusy                    0 calls
00:01:49.749715 /GVMM/VM/PollCalls                      0 calls
00:01:49.749722 /GVMM/VM/PollHalts                      0 calls
00:01:49.749730 /GVMM/VM/PollWakeUps                    0 calls
00:01:49.749737 /GVMM/VM/WakeUpCalls                 6659 calls
00:01:49.749744 /GVMM/VM/WakeUpNotHalted             2746 calls
00:01:49.749751 /GVMM/VM/WakeUpWakeUps                  0 calls
00:01:49.749757 /GVMM/VMs                               1 calls
00:01:49.749766 /IEM/CPU0/cInstructions                 0 count
00:01:49.749773 /IEM/CPU0/cPotentialExits               0 count
00:01:49.749779 /IEM/CPU0/cRetAspectNotImplemented        0 count
00:01:49.749796 /IEM/CPU0/cRetErrStatuses               0 count
00:01:49.749803 /IEM/CPU0/cRetInfStatuses               0 count
00:01:49.749810 /IEM/CPU0/cRetInstrNotImplemented        0 count
00:01:49.749815 /IEM/CPU0/cbWritten                     0 bytes
00:01:49.749822 /MM/HyperHeap/cbFree              1108928 bytes
00:01:49.749829 /MM/HyperHeap/cbHeap              1310528 bytes
00:01:49.749837 /PDM/BlkCache/cbCached                  0 bytes
00:01:49.749844 /PDM/BlkCache/cbCachedFru               0 bytes
00:01:49.749851 /PDM/BlkCache/cbCachedMruIn             0 bytes
00:01:49.749858 /PDM/BlkCache/cbCachedMruOut            0 bytes
00:01:49.749864 /PDM/BlkCache/cbMax               5242880 bytes
00:01:49.749872 /PDM/CritSects/8237A#0 Auto/ContentionR3        0 times
00:01:49.749878 /PDM/CritSects/8237A#0 Auto/ContentionRZLock        0 times
00:01:49.749884 /PDM/CritSects/8237A#0 Auto/ContentionRZUnlock        0 times
00:01:49.749888 /PDM/CritSects/AHCI#0/ContentionR3        0 times
00:01:49.749892 /PDM/CritSects/AHCI#0/ContentionRZLock        0 times
00:01:49.749896 /PDM/CritSects/AHCI#0/ContentionRZUnlock        0 times
00:01:49.749900 /PDM/CritSects/ATA#0/ContentionR3        0 times
00:01:49.749906 /PDM/CritSects/ATA#0/ContentionRZLock        0 times
00:01:49.749912 /PDM/CritSects/ATA#0/ContentionRZUnlock        0 times
00:01:49.749919 /PDM/CritSects/ATA#1/ContentionR3        0 times
00:01:49.749926 /PDM/CritSects/ATA#1/ContentionRZLock        1 times
00:01:49.749932 /PDM/CritSects/ATA#1/ContentionRZUnlock        0 times
00:01:49.749939 /PDM/CritSects/AudioSniffer#0 Auto/ContentionR3        0 times
00:01:49.749946 /PDM/CritSects/AudioSniffer#0 Auto/ContentionRZLock        0 times
00:01:49.749951 /PDM/CritSects/AudioSniffer#0 Auto/ContentionRZUnlock        0 times
00:01:49.749955 /PDM/CritSects/E1000#0/ContentionR3        0 times
00:01:49.749959 /PDM/CritSects/E1000#0/ContentionRZLock        0 times
00:01:49.749963 /PDM/CritSects/E1000#0/ContentionRZUnlock        0 times
00:01:49.749967 /PDM/CritSects/E1000#0RX/ContentionR3        0 times
00:01:49.749971 /PDM/CritSects/E1000#0RX/ContentionRZLock        0 times
00:01:49.749974 /PDM/CritSects/E1000#0RX/ContentionRZUnlock        0 times
00:01:49.749978 /PDM/CritSects/E1000#0TX/ContentionR3        0 times
00:01:49.749982 /PDM/CritSects/E1000#0TX/ContentionRZLock        0 times
00:01:49.749986 /PDM/CritSects/E1000#0TX/ContentionRZUnlock        0 times
00:01:49.749990 /PDM/CritSects/EM-REM/ContentionR3        0 times
00:01:49.749996 /PDM/CritSects/EM-REM/ContentionRZLock        0 times
00:01:49.750002 /PDM/CritSects/EM-REM/ContentionRZUnlock        0 times
00:01:49.750008 /PDM/CritSects/FTM/ContentionR3         0 times
00:01:49.750013 /PDM/CritSects/FTM/ContentionRZLock        0 times
00:01:49.750018 /PDM/CritSects/FTM/ContentionRZUnlock        0 times
00:01:49.750024 /PDM/CritSects/IOM Lock/ContentionR3        0 times
00:01:49.750030 /PDM/CritSects/IOM Lock/ContentionRZLock        0 times
00:01:49.750036 /PDM/CritSects/IOM Lock/ContentionRZUnlock        0 times
00:01:49.750042 /PDM/CritSects/MM-HYPER/ContentionR3        0 times
00:01:49.750048 /PDM/CritSects/MM-HYPER/ContentionRZLock        0 times
00:01:49.750054 /PDM/CritSects/MM-HYPER/ContentionRZUnlock        0 times
00:01:49.750060 /PDM/CritSects/NOP/ContentionR3         0 times
00:01:49.750066 /PDM/CritSects/NOP/ContentionRZLock        0 times
00:01:49.750071 /PDM/CritSects/NOP/ContentionRZUnlock        0 times
00:01:49.750077 /PDM/CritSects/PDM/ContentionR3         0 times
00:01:49.750082 /PDM/CritSects/PDM/ContentionRZLock        0 times
00:01:49.750088 /PDM/CritSects/PDM/ContentionRZUnlock        0 times
00:01:49.750094 /PDM/CritSects/PGM/ContentionR3         0 times
00:01:49.750100 /PDM/CritSects/PGM/ContentionRZLock        0 times
00:01:49.750106 /PDM/CritSects/PGM/ContentionRZUnlock        0 times
00:01:49.750112 /PDM/CritSects/PS2K#0/ContentionR3        0 times
00:01:49.750118 /PDM/CritSects/PS2K#0/ContentionRZLock        0 times
00:01:49.750124 /PDM/CritSects/PS2K#0/ContentionRZUnlock        0 times
00:01:49.750140 /PDM/CritSects/PS2KM#0/ContentionR3        0 times
00:01:49.750147 /PDM/CritSects/PS2KM#0/ContentionRZLock        0 times
00:01:49.750154 /PDM/CritSects/PS2KM#0/ContentionRZUnlock        0 times
00:01:49.750160 /PDM/CritSects/REM-Register/ContentionR3        0 times
00:01:49.750166 /PDM/CritSects/REM-Register/ContentionRZLock        0 times
00:01:49.750172 /PDM/CritSects/REM-Register/ContentionRZUnlock        0 times
00:01:49.750178 /PDM/CritSects/TM Timer Lock/ContentionR3        0 times
00:01:49.750184 /PDM/CritSects/TM Timer Lock/ContentionRZLock        0 times
00:01:49.750191 /PDM/CritSects/TM Timer Lock/ContentionRZUnlock        0 times
00:01:49.750198 /PDM/CritSects/TM VirtualSync Lock/ContentionR3        0 times
00:01:49.750205 /PDM/CritSects/TM VirtualSync Lock/ContentionRZLock        0 times
00:01:49.750211 /PDM/CritSects/TM VirtualSync Lock/ContentionRZUnlock        0 times
00:01:49.750218 /PDM/CritSects/VGA#u/ContentionR3        0 times
00:01:49.750225 /PDM/CritSects/VGA#u/ContentionRZLock        0 times
00:01:49.750232 /PDM/CritSects/VGA#u/ContentionRZUnlock        0 times
00:01:49.750239 /PDM/CritSects/VMMDev#0 Auto/ContentionR3        0 times
00:01:49.750245 /PDM/CritSects/VMMDev#0 Auto/ContentionRZLock        0 times
00:01:49.750251 /PDM/CritSects/VMMDev#0 Auto/ContentionRZUnlock        0 times
00:01:49.750258 /PDM/CritSects/VMMDev#u/ContentionR3        0 times
00:01:49.750264 /PDM/CritSects/VMMDev#u/ContentionRZLock        0 times
00:01:49.750271 /PDM/CritSects/VMMDev#u/ContentionRZUnlock        0 times
00:01:49.750278 /PDM/CritSects/acpi0/ContentionR3        0 times
00:01:49.750285 /PDM/CritSects/acpi0/ContentionRZLock        0 times
00:01:49.750291 /PDM/CritSects/acpi0/ContentionRZUnlock        0 times
00:01:49.750297 /PDM/CritSects/ahci#0 Auto/ContentionR3        0 times
00:01:49.750304 /PDM/CritSects/ahci#0 Auto/ContentionRZLock        0 times
00:01:49.750310 /PDM/CritSects/ahci#0 Auto/ContentionRZUnlock        0 times
00:01:49.750316 /PDM/CritSects/e1000#0 Auto/ContentionR3        0 times
00:01:49.750323 /PDM/CritSects/e1000#0 Auto/ContentionRZLock        0 times
00:01:49.750329 /PDM/CritSects/e1000#0 Auto/ContentionRZUnlock        0 times
00:01:49.750335 /PDM/CritSects/hda#0 Auto/ContentionR3        0 times
00:01:49.750341 /PDM/CritSects/hda#0 Auto/ContentionRZLock        0 times
00:01:49.750347 /PDM/CritSects/hda#0 Auto/ContentionRZUnlock        0 times
00:01:49.750352 /PDM/CritSects/mc146818#0 Auto/ContentionR3        0 times
00:01:49.750356 /PDM/CritSects/mc146818#0 Auto/ContentionRZLock        0 times
00:01:49.750361 /PDM/CritSects/mc146818#0 Auto/ContentionRZUnlock        0 times
00:01:49.750368 /PDM/CritSects/pcarch#0 Auto/ContentionR3        0 times
00:01:49.750374 /PDM/CritSects/pcarch#0 Auto/ContentionRZLock        0 times
00:01:49.750381 /PDM/CritSects/pcarch#0 Auto/ContentionRZUnlock        0 times
00:01:49.750387 /PDM/CritSects/pcbios#0 Auto/ContentionR3        0 times
00:01:49.750394 /PDM/CritSects/pcbios#0 Auto/ContentionRZLock        0 times
00:01:49.750400 /PDM/CritSects/pcbios#0 Auto/ContentionRZUnlock        0 times
00:01:49.750407 /PDM/CritSects/pckbd#0 Auto/ContentionR3        0 times
00:01:49.750414 /PDM/CritSects/pckbd#0 Auto/ContentionRZLock        0 times
00:01:49.750420 /PDM/CritSects/pckbd#0 Auto/ContentionRZUnlock        0 times
00:01:49.750426 /PDM/CritSects/piix3ide#0 Auto/ContentionR3        0 times
00:01:49.750433 /PDM/CritSects/piix3ide#0 Auto/ContentionRZLock        0 times
00:01:49.750439 /PDM/CritSects/piix3ide#0 Auto/ContentionRZUnlock        0 times
00:01:49.750446 /PDM/CritSects/pit/ContentionR3         0 times
00:01:49.750452 /PDM/CritSects/pit/ContentionRZLock        0 times
00:01:49.750459 /PDM/CritSects/pit/ContentionRZUnlock        0 times
00:01:49.750465 /PDM/CritSects/usb-ohci#0 Auto/ContentionR3        0 times
00:01:49.750471 /PDM/CritSects/usb-ohci#0 Auto/ContentionRZLock        0 times
00:01:49.750475 /PDM/CritSects/usb-ohci#0 Auto/ContentionRZUnlock        0 times
00:01:49.750480 /PDM/CritSects/vga#0 Auto/ContentionR3        0 times
00:01:49.750492 /PDM/CritSects/vga#0 Auto/ContentionRZLock        0 times
00:01:49.750499 /PDM/CritSects/vga#0 Auto/ContentionRZUnlock        0 times
00:01:49.750505 /PDM/Queue/AHCI-Xmit/AllocFailures        0 times
00:01:49.750512 /PDM/Queue/AHCI-Xmit/Flush              0 calls
00:01:49.750519 /PDM/Queue/AHCI-Xmit/FlushLeftovers        0 times
00:01:49.750525 /PDM/Queue/AHCI-Xmit/Insert             2 calls
00:01:49.750532 /PDM/Queue/AHCI-Xmit/cItems            60 count
00:01:49.750539 /PDM/Queue/AHCI-Xmit/cbItem            16 bytes
00:01:49.750547 /PDM/Queue/DevHlp/AllocFailures         0 times
00:01:49.750553 /PDM/Queue/DevHlp/Flush                 0 calls
00:01:49.750560 /PDM/Queue/DevHlp/FlushLeftovers        0 times
00:01:49.750567 /PDM/Queue/DevHlp/Insert                0 calls
00:01:49.750574 /PDM/Queue/DevHlp/cItems                8 count
00:01:49.750581 /PDM/Queue/DevHlp/cbItem               40 bytes
00:01:49.750588 /PDM/Queue/E1000-Rcv/AllocFailures        0 times
00:01:49.750594 /PDM/Queue/E1000-Rcv/Flush              0 calls
00:01:49.750598 /PDM/Queue/E1000-Rcv/FlushLeftovers        0 times
00:01:49.750602 /PDM/Queue/E1000-Rcv/Insert             0 calls
00:01:49.750606 /PDM/Queue/E1000-Rcv/cItems             1 count
00:01:49.750610 /PDM/Queue/E1000-Rcv/cbItem            16 bytes
00:01:49.750614 /PDM/Queue/E1000-Xmit/AllocFailures        0 times
00:01:49.750618 /PDM/Queue/E1000-Xmit/Flush             0 calls
00:01:49.750621 /PDM/Queue/E1000-Xmit/FlushLeftovers        0 times
00:01:49.750625 /PDM/Queue/E1000-Xmit/Insert            0 calls
00:01:49.750629 /PDM/Queue/E1000-Xmit/cItems            1 count
00:01:49.750633 /PDM/Queue/E1000-Xmit/cbItem           16 bytes
00:01:49.750637 /PDM/Queue/Keyboard/AllocFailures        0 times
00:01:49.750641 /PDM/Queue/Keyboard/Flush               0 calls
00:01:49.750645 /PDM/Queue/Keyboard/FlushLeftovers        0 times
00:01:49.750648 /PDM/Queue/Keyboard/Insert             16 calls
00:01:49.750652 /PDM/Queue/Keyboard/cItems             64 count
00:01:49.750656 /PDM/Queue/Keyboard/cbItem             16 bytes
00:01:49.750660 /PDM/Queue/Mouse/AllocFailures          0 times
00:01:49.750664 /PDM/Queue/Mouse/Flush                  0 calls
00:01:49.750668 /PDM/Queue/Mouse/FlushLeftovers         0 times
00:01:49.750672 /PDM/Queue/Mouse/Insert                 0 calls
00:01:49.750676 /PDM/Queue/Mouse/cItems               128 count
00:01:49.750680 /PDM/Queue/Mouse/cbItem                48 bytes
00:01:49.750685 /PDM/Queue/Mouse_1/AllocFailures        0 times
00:01:49.750688 /PDM/Queue/Mouse_1/Flush                0 calls
00:01:49.750692 /PDM/Queue/Mouse_1/FlushLeftovers        0 times
00:01:49.750696 /PDM/Queue/Mouse_1/Insert               0 calls
00:01:49.750700 /PDM/Queue/Mouse_1/cItems             128 count
00:01:49.750704 /PDM/Queue/Mouse_1/cbItem              48 bytes
00:01:49.750708 /PGM/CPU0/cA20Changes                   1 times
00:01:49.750712 /PGM/CPU0/cGuestModeChanges             4 times
00:01:49.750716 /PGM/ChunkR3Map/Mapped                  2 count
00:01:49.750720 /PGM/ChunkR3Map/Unmapped                0 count
00:01:49.750724 /PGM/ChunkR3Map/c                       2 count
00:01:49.750728 /PGM/ChunkR3Map/cMax                  512 count
00:01:49.750732 /PGM/LargePage/Recheck                  0 times
00:01:49.750736 /PGM/LargePage/Refused                  0 times
00:01:49.750740 /PGM/LargePage/Reused                   0 times
00:01:49.750745 /PGM/Page/cAllPages                136778 count
00:01:49.750750 /PGM/Page/cBalloonedPages               0 count
00:01:49.750754 /PGM/Page/cHandyPages                  34 count
00:01:49.750758 /PGM/Page/cLargePages                   0 count
00:01:49.750762 /PGM/Page/cLargePagesDisabled           0 count
00:01:49.750765 /PGM/Page/cMonitoredPages               0 count
00:01:49.750769 /PGM/Page/cPrivatePages              6147 count
00:01:49.750773 /PGM/Page/cPureMmioPages               40 count
00:01:49.750777 /PGM/Page/cReadLockedPages              0 count
00:01:49.750781 /PGM/Page/cReusedSharedPages            0 count
00:01:49.750791 /PGM/Page/cSharedPages                  0 count
00:01:49.750795 /PGM/Page/cWriteLockedPages             0 count
00:01:49.750799 /PGM/Page/cWrittenToPages               0 count
00:01:49.750803 /PGM/Page/cZeroPages               130591 count
00:01:49.750808 /PGM/ShMod/Check                        0 ticks/call (           0 ticks,       0 times, max         0, min      -1)
00:01:49.750814 /PGM/cRelocations                       0 times
00:01:49.750834 /PROF/CPU0/EM/Capped                    0 ticks/call (           0 ticks,       0 times, max         0, min      -1)
00:01:49.750840 /PROF/CPU0/EM/ForcedActions           571 times
00:01:49.750844 /PROF/CPU0/EM/Halted                  505 times
00:01:49.750849 /PROF/CPU0/EM/RAWTotal                  0 times
00:01:49.750853 /PROF/CPU0/EM/REMTotal                  0 times
00:01:49.750857 /PROF/CPU0/EM/Total              307727260084 ticks/call (307727260084 ticks,       1 times, max 307727260084, min 307727260084)
00:01:49.750865 /PROF/VM/CPU0/Halt/Block          2602497 ns/call ( 92937778538 ticks,   35711 times, max   9167797, min       1)
00:01:49.750873 /PROF/VM/CPU0/Halt/BlockInsomnia        0 ns/call (           0 ticks,       0 times, max         0, min      -1)
00:01:49.750878 /PROF/VM/CPU0/Halt/BlockOnTime          0 ns/call (           0 ticks,       0 times, max         0, min      -1)
00:01:49.750882 /PROF/VM/CPU0/Halt/BlockOverslept        0 ns/call (           0 ticks,       0 times, max         0, min      -1)
00:01:49.750887 /PROF/VM/CPU0/Halt/Timers            5764 ns/call (   210561025 ticks,   36530 times, max   1004033, min       2)
00:01:49.750894 /PROF/VM/CPU0/Halt/Yield                0 ns/call (           0 ticks,       0 times, max         0, min      -1)
00:01:49.750899 /REM/TbFlushCount                       0 times
00:01:49.750903 /REM/TbPhysInvldCount                 517 times
00:01:49.750908 /REM/TlbFlushCount                      3 times
00:01:49.750912 /SELM/HyperSels/Changed                 0 times
00:01:49.750916 /SELM/HyperSels/Scan                    0 times
00:01:49.750920 /SELM/LoadHidSel/GstReadErrors          0 times
00:01:49.750924 /SELM/LoadHidSel/NoGoodGuest            0 times
00:01:49.750928 /SELM/UpdateFromCPUM/AlreadyStaleCS        0 times
00:01:49.750932 /SELM/UpdateFromCPUM/AlreadyStaleDS        0 times
00:01:49.750935 /SELM/UpdateFromCPUM/AlreadyStaleES        0 times
00:01:49.750939 /SELM/UpdateFromCPUM/AlreadyStaleFS        0 times
00:01:49.750945 /SELM/UpdateFromCPUM/AlreadyStaleGS        0 times
00:01:49.750951 /SELM/UpdateFromCPUM/AlreadyStaleSS        0 times
00:01:49.750957 /SELM/UpdateFromCPUM/DetectedStaleCS        0 times
00:01:49.750963 /SELM/UpdateFromCPUM/DetectedStaleDS        0 times
00:01:49.750970 /SELM/UpdateFromCPUM/DetectedStaleES        0 times
00:01:49.750977 /SELM/UpdateFromCPUM/DetectedStaleFS        0 times
00:01:49.750983 /SELM/UpdateFromCPUM/DetectedStaleGS        0 times
00:01:49.750989 /SELM/UpdateFromCPUM/DetectedStaleSS        0 times
00:01:49.750993 /SELM/UpdateFromCPUM/StaleToUnstale        0 times
00:01:49.750997 /TM/CPU/00/cNsExecuting          21174371 ns
00:01:49.751002 /TM/CPU/00/cNsHalted             93189159758 ns
00:01:49.751010 /TM/CPU/00/cNsOther              252175536 ns
00:01:49.751018 /TM/CPU/00/cNsTotal              93462509665 ns
00:01:49.751027 /TM/CPU/00/cPeriodsExecuting         8231 count
00:01:49.751033 /TM/CPU/00/cPeriodsHalted             505 count
00:01:49.751038 /TM/CPU/00/pctExecuting                 0 %
00:01:49.751042 /TM/CPU/00/pctHalted                   99 %
00:01:49.751046 /TM/CPU/00/pctOther                     0 %
00:01:49.751050 /TM/CPU/pctExecuting                    0 %
00:01:49.751055 /TM/CPU/pctHalted                      99 %
00:01:49.751062 /TM/CPU/pctOther                        0 %
00:01:49.751069 /TM/MaxHzHint                          18 Hz
00:01:49.751078 /TM/R3/1nsSteps                        62 times
00:01:49.751085 /TM/TSC/offCPU0                         0 ticks
00:01:49.751094 /TM/VirtualSync/CurrentOffset      303537 ns
00:01:49.751100 /VUSB/0/cUrbsInPool                     0 count
00:01:49.751113 ********************* End of statistics **********************
00:01:49.756249 NAT: zone(nm:mbuf_cluster, used:0)
00:01:49.756863 NAT: zone(nm:mbuf_packet, used:0)
00:01:49.756869 NAT: zone(nm:mbuf, used:0)
00:01:49.756916 NAT: zone(nm:mbuf_jumbo_pagesize, used:0)
00:01:49.757405 NAT: zone(nm:mbuf_jumbo_9k, used:0)
00:01:49.757699 NAT: zone(nm:mbuf_jumbo_16k, used:0)
00:01:49.757847 NAT: zone(nm:mbuf_ext_refcnt, used:0)
00:01:49.760726 Changing the VM state from 'DESTROYING' to 'TERMINATED'.
00:01:50.225735 ERROR [COM]: aRC=E_ACCESSDENIED (0x80070005) aIID={db7ab4ca-2a3f-4183-9243-c1208da92392} aComponent={Console} aText={The virtual machine is not powered up}, preserve=false
